<?xml version="1.0" ?>
<coverage version="7.11.0" timestamp="1760876253852" lines-valid="4762" lines-covered="1451" line-rate="0.3047" branches-valid="1368" branches-covered="242" branch-rate="0.1769" complexity="0">
	<!-- Generated by coverage.py: https://coverage.readthedocs.io/en/7.11.0 -->
	<!-- Based on https://raw.githubusercontent.com/cobertura/web/master/htdocs/xml/coverage-04.dtd -->
	<sources>
		<source>/Users/lvhe/Downloads/zhongbiao/zhongbiao/ai_tender_system</source>
	</sources>
	<packages>
		<package name="." line-rate="0" branch-rate="0" complexity="0">
			<classes>
				<class name="enhanced_inline_reply.py" filename="enhanced_inline_reply.py" complexity="0" line-rate="0" branch-rate="0">
					<methods/>
					<lines>
						<line number="12" hits="0"/>
						<line number="13" hits="0"/>
						<line number="14" hits="0"/>
						<line number="15" hits="0"/>
						<line number="16" hits="0"/>
						<line number="17" hits="0"/>
						<line number="18" hits="0"/>
						<line number="19" hits="0"/>
						<line number="20" hits="0"/>
						<line number="23" hits="0"/>
						<line number="24" hits="0"/>
						<line number="29" hits="0"/>
						<line number="30" hits="0"/>
						<line number="31" hits="0"/>
						<line number="34" hits="0"/>
						<line number="43" hits="0"/>
						<line number="44" hits="0"/>
						<line number="45" hits="0"/>
						<line number="46" hits="0"/>
						<line number="47" hits="0"/>
						<line number="51" hits="0"/>
						<line number="52" hits="0"/>
						<line number="53" hits="0"/>
						<line number="57" hits="0"/>
						<line number="58" hits="0"/>
						<line number="59" hits="0"/>
						<line number="60" hits="0"/>
						<line number="61" hits="0"/>
						<line number="62" hits="0"/>
						<line number="63" hits="0"/>
						<line number="64" hits="0"/>
						<line number="67" hits="0"/>
						<line number="75" hits="0"/>
						<line number="77" hits="0"/>
						<line number="80" hits="0"/>
						<line number="82" hits="0"/>
						<line number="85" hits="0" branch="true" condition-coverage="0% (0/2)" missing-branches="86,87"/>
						<line number="86" hits="0"/>
						<line number="87" hits="0" branch="true" condition-coverage="0% (0/2)" missing-branches="88,89"/>
						<line number="88" hits="0"/>
						<line number="89" hits="0" branch="true" condition-coverage="0% (0/2)" missing-branches="90,92"/>
						<line number="90" hits="0"/>
						<line number="92" hits="0"/>
						<line number="95" hits="0" branch="true" condition-coverage="0% (0/2)" missing-branches="96,100"/>
						<line number="96" hits="0"/>
						<line number="97" hits="0" branch="true" condition-coverage="0% (0/2)" missing-branches="98,100"/>
						<line number="98" hits="0"/>
						<line number="100" hits="0"/>
						<line number="101" hits="0"/>
						<line number="104" hits="0"/>
						<line number="107" hits="0"/>
						<line number="108" hits="0"/>
						<line number="110" hits="0"/>
						<line number="112" hits="0" branch="true" condition-coverage="0% (0/2)" missing-branches="113,114"/>
						<line number="113" hits="0"/>
						<line number="114" hits="0"/>
						<line number="116" hits="0"/>
						<line number="118" hits="0"/>
						<line number="119" hits="0" branch="true" condition-coverage="0% (0/2)" missing-branches="120,124"/>
						<line number="120" hits="0"/>
						<line number="121" hits="0"/>
						<line number="122" hits="0"/>
						<line number="124" hits="0"/>
						<line number="125" hits="0"/>
						<line number="126" hits="0"/>
						<line number="127" hits="0"/>
						<line number="128" hits="0"/>
						<line number="130" hits="0"/>
						<line number="132" hits="0"/>
						<line number="133" hits="0" branch="true" condition-coverage="0% (0/2)" missing-branches="134,138"/>
						<line number="134" hits="0"/>
						<line number="135" hits="0"/>
						<line number="136" hits="0"/>
						<line number="138" hits="0"/>
						<line number="139" hits="0"/>
						<line number="140" hits="0"/>
						<line number="141" hits="0"/>
						<line number="142" hits="0"/>
						<line number="144" hits="0"/>
						<line number="146" hits="0"/>
						<line number="159" hits="0"/>
						<line number="161" hits="0"/>
						<line number="180" hits="0"/>
						<line number="184" hits="0"/>
						<line number="185" hits="0"/>
						<line number="190" hits="0"/>
						<line number="200" hits="0"/>
						<line number="201" hits="0"/>
						<line number="202" hits="0"/>
						<line number="203" hits="0"/>
						<line number="204" hits="0"/>
						<line number="205" hits="0"/>
						<line number="207" hits="0" branch="true" condition-coverage="0% (0/2)" missing-branches="208,220"/>
						<line number="208" hits="0"/>
						<line number="211" hits="0"/>
						<line number="212" hits="0" branch="true" condition-coverage="0% (0/2)" missing-branches="213,215"/>
						<line number="213" hits="0"/>
						<line number="215" hits="0"/>
						<line number="218" hits="0"/>
						<line number="220" hits="0"/>
						<line number="221" hits="0"/>
						<line number="223" hits="0"/>
						<line number="224" hits="0" branch="true" condition-coverage="0% (0/2)" missing-branches="225,227"/>
						<line number="225" hits="0"/>
						<line number="227" hits="0" branch="true" condition-coverage="0% (0/2)" missing-branches="228,230"/>
						<line number="228" hits="0"/>
						<line number="230" hits="0"/>
						<line number="231" hits="0"/>
						<line number="232" hits="0"/>
						<line number="233" hits="0"/>
						<line number="234" hits="0"/>
						<line number="236" hits="0"/>
						<line number="240" hits="0" branch="true" condition-coverage="0% (0/2)" missing-branches="241,244"/>
						<line number="241" hits="0"/>
						<line number="242" hits="0"/>
						<line number="244" hits="0"/>
						<line number="245" hits="0"/>
						<line number="246" hits="0"/>
						<line number="247" hits="0"/>
						<line number="248" hits="0"/>
						<line number="249" hits="0"/>
						<line number="250" hits="0"/>
						<line number="252" hits="0"/>
						<line number="256" hits="0" branch="true" condition-coverage="0% (0/2)" missing-branches="257,259"/>
						<line number="257" hits="0"/>
						<line number="259" hits="0" branch="true" condition-coverage="0% (0/2)" missing-branches="260,264"/>
						<line number="260" hits="0"/>
						<line number="264" hits="0"/>
						<line number="267" hits="0"/>
						<line number="269" hits="0"/>
						<line number="272" hits="0"/>
						<line number="276" hits="0"/>
						<line number="278" hits="0" branch="true" condition-coverage="0% (0/2)" missing-branches="279,281"/>
						<line number="279" hits="0"/>
						<line number="281" hits="0" branch="true" condition-coverage="0% (0/2)" missing-branches="282,284"/>
						<line number="282" hits="0"/>
						<line number="284" hits="0" branch="true" condition-coverage="0% (0/2)" missing-branches="285,287"/>
						<line number="285" hits="0"/>
						<line number="287" hits="0" branch="true" condition-coverage="0% (0/2)" missing-branches="288,291"/>
						<line number="288" hits="0"/>
						<line number="291" hits="0" branch="true" condition-coverage="0% (0/2)" missing-branches="exit,292"/>
						<line number="292" hits="0"/>
						<line number="293" hits="0" branch="true" condition-coverage="0% (0/2)" missing-branches="exit,294"/>
						<line number="294" hits="0"/>
						<line number="297" hits="0" branch="true" condition-coverage="0% (0/2)" missing-branches="298,299"/>
						<line number="298" hits="0"/>
						<line number="299" hits="0" branch="true" condition-coverage="0% (0/2)" missing-branches="300,301"/>
						<line number="300" hits="0"/>
						<line number="301" hits="0" branch="true" condition-coverage="0% (0/2)" missing-branches="302,303"/>
						<line number="302" hits="0"/>
						<line number="303" hits="0" branch="true" condition-coverage="0% (0/2)" missing-branches="304,306"/>
						<line number="304" hits="0"/>
						<line number="306" hits="0"/>
						<line number="308" hits="0"/>
						<line number="309" hits="0"/>
						<line number="311" hits="0"/>
						<line number="315" hits="0"/>
						<line number="316" hits="0"/>
						<line number="317" hits="0"/>
						<line number="320" hits="0"/>
						<line number="321" hits="0"/>
						<line number="322" hits="0"/>
						<line number="325" hits="0"/>
						<line number="328" hits="0"/>
						<line number="330" hits="0"/>
						<line number="331" hits="0"/>
						<line number="333" hits="0"/>
						<line number="337" hits="0" branch="true" condition-coverage="0% (0/2)" missing-branches="338,341"/>
						<line number="338" hits="0"/>
						<line number="339" hits="0"/>
						<line number="341" hits="0"/>
						<line number="343" hits="0"/>
						<line number="344" hits="0"/>
						<line number="345" hits="0"/>
						<line number="346" hits="0"/>
						<line number="348" hits="0" branch="true" condition-coverage="0% (0/2)" missing-branches="349,353"/>
						<line number="349" hits="0"/>
						<line number="351" hits="0"/>
						<line number="353" hits="0" branch="true" condition-coverage="0% (0/2)" missing-branches="354,357"/>
						<line number="354" hits="0"/>
						<line number="357" hits="0"/>
						<line number="360" hits="0"/>
						<line number="361" hits="0"/>
						<line number="364" hits="0"/>
						<line number="366" hits="0"/>
						<line number="368" hits="0"/>
						<line number="369" hits="0"/>
						<line number="370" hits="0"/>
						<line number="372" hits="0"/>
						<line number="376" hits="0"/>
						<line number="377" hits="0" branch="true" condition-coverage="0% (0/2)" missing-branches="378,380"/>
						<line number="378" hits="0"/>
						<line number="380" hits="0"/>
						<line number="381" hits="0"/>
						<line number="384" hits="0"/>
						<line number="396" hits="0" branch="true" condition-coverage="0% (0/2)" missing-branches="397,400"/>
						<line number="397" hits="0"/>
						<line number="400" hits="0"/>
						<line number="411" hits="0"/>
						<line number="413" hits="0"/>
						<line number="417" hits="0"/>
						<line number="420" hits="0" branch="true" condition-coverage="0% (0/2)" missing-branches="421,424"/>
						<line number="421" hits="0"/>
						<line number="424" hits="0" branch="true" condition-coverage="0% (0/2)" missing-branches="425,428"/>
						<line number="425" hits="0"/>
						<line number="428" hits="0" branch="true" condition-coverage="0% (0/2)" missing-branches="429,432"/>
						<line number="429" hits="0"/>
						<line number="432" hits="0" branch="true" condition-coverage="0% (0/2)" missing-branches="433,436"/>
						<line number="433" hits="0"/>
						<line number="436" hits="0" branch="true" condition-coverage="0% (0/2)" missing-branches="437,440"/>
						<line number="437" hits="0"/>
						<line number="440" hits="0" branch="true" condition-coverage="0% (0/2)" missing-branches="441,444"/>
						<line number="441" hits="0"/>
						<line number="444" hits="0" branch="true" condition-coverage="0% (0/2)" missing-branches="445,448"/>
						<line number="445" hits="0"/>
						<line number="448" hits="0" branch="true" condition-coverage="0% (0/2)" missing-branches="449,451"/>
						<line number="449" hits="0"/>
						<line number="451" hits="0"/>
						<line number="453" hits="0"/>
						<line number="457" hits="0"/>
						<line number="460" hits="0"/>
						<line number="462" hits="0"/>
						<line number="464" hits="0"/>
						<line number="465" hits="0"/>
						<line number="468" hits="0" branch="true" condition-coverage="0% (0/2)" missing-branches="469,475"/>
						<line number="469" hits="0" branch="true" condition-coverage="0% (0/2)" missing-branches="471,473"/>
						<line number="471" hits="0"/>
						<line number="473" hits="0"/>
						<line number="475" hits="0"/>
						<line number="476" hits="0"/>
						<line number="477" hits="0"/>
						<line number="479" hits="0"/>
						<line number="480" hits="0"/>
						<line number="482" hits="0"/>
						<line number="486" hits="0" branch="true" condition-coverage="0% (0/2)" missing-branches="487,489"/>
						<line number="487" hits="0"/>
						<line number="489" hits="0"/>
						<line number="491" hits="0"/>
						<line number="493" hits="0"/>
						<line number="494" hits="0"/>
						<line number="497" hits="0"/>
						<line number="498" hits="0"/>
						<line number="501" hits="0"/>
						<line number="503" hits="0" branch="true" condition-coverage="0% (0/2)" missing-branches="504,525"/>
						<line number="504" hits="0"/>
						<line number="506" hits="0" branch="true" condition-coverage="0% (0/2)" missing-branches="503,507"/>
						<line number="507" hits="0"/>
						<line number="508" hits="0"/>
						<line number="513" hits="0"/>
						<line number="516" hits="0"/>
						<line number="518" hits="0"/>
						<line number="519" hits="0"/>
						<line number="525" hits="0" branch="true" condition-coverage="0% (0/2)" missing-branches="526,531"/>
						<line number="526" hits="0"/>
						<line number="527" hits="0"/>
						<line number="528" hits="0"/>
						<line number="531" hits="0"/>
						<line number="533" hits="0"/>
						<line number="534" hits="0"/>
						<line number="535" hits="0"/>
						<line number="536" hits="0"/>
						<line number="538" hits="0"/>
						<line number="540" hits="0"/>
						<line number="541" hits="0"/>
						<line number="542" hits="0"/>
						<line number="544" hits="0"/>
						<line number="546" hits="0"/>
						<line number="548" hits="0" branch="true" condition-coverage="0% (0/2)" missing-branches="549,553"/>
						<line number="549" hits="0"/>
						<line number="550" hits="0"/>
						<line number="551" hits="0"/>
						<line number="553" hits="0"/>
						<line number="554" hits="0"/>
						<line number="555" hits="0"/>
						<line number="557" hits="0"/>
						<line number="558" hits="0"/>
						<line number="561" hits="0"/>
						<line number="563" hits="0" branch="true" condition-coverage="0% (0/2)" missing-branches="564,566"/>
						<line number="564" hits="0"/>
						<line number="566" hits="0"/>
						<line number="568" hits="0"/>
						<line number="569" hits="0" branch="true" condition-coverage="0% (0/2)" missing-branches="570,572"/>
						<line number="570" hits="0"/>
						<line number="572" hits="0"/>
						<line number="574" hits="0"/>
						<line number="575" hits="0"/>
						<line number="576" hits="0"/>
						<line number="577" hits="0"/>
						<line number="578" hits="0"/>
						<line number="579" hits="0"/>
						<line number="581" hits="0"/>
						<line number="582" hits="0"/>
						<line number="583" hits="0"/>
					</lines>
				</class>
				<class name="inline_reply_processor.py" filename="inline_reply_processor.py" complexity="0" line-rate="0" branch-rate="0">
					<methods/>
					<lines>
						<line number="9" hits="0"/>
						<line number="10" hits="0"/>
						<line number="11" hits="0"/>
						<line number="12" hits="0"/>
						<line number="13" hits="0"/>
						<line number="14" hits="0"/>
						<line number="15" hits="0"/>
						<line number="17" hits="0"/>
						<line number="18" hits="0"/>
						<line number="19" hits="0"/>
						<line number="20" hits="0"/>
						<line number="21" hits="0"/>
						<line number="22" hits="0"/>
						<line number="23" hits="0"/>
						<line number="24" hits="0"/>
						<line number="27" hits="0"/>
						<line number="35" hits="0"/>
						<line number="37" hits="0"/>
						<line number="40" hits="0"/>
						<line number="41" hits="0"/>
						<line number="42" hits="0"/>
						<line number="45" hits="0"/>
						<line number="46" hits="0"/>
						<line number="48" hits="0"/>
						<line number="50" hits="0"/>
						<line number="51" hits="0" branch="true" condition-coverage="0% (0/2)" missing-branches="52,56"/>
						<line number="52" hits="0"/>
						<line number="53" hits="0"/>
						<line number="54" hits="0"/>
						<line number="56" hits="0"/>
						<line number="57" hits="0"/>
						<line number="58" hits="0"/>
						<line number="59" hits="0"/>
						<line number="60" hits="0"/>
						<line number="62" hits="0"/>
						<line number="64" hits="0"/>
						<line number="65" hits="0" branch="true" condition-coverage="0% (0/2)" missing-branches="66,70"/>
						<line number="66" hits="0"/>
						<line number="67" hits="0"/>
						<line number="68" hits="0"/>
						<line number="70" hits="0"/>
						<line number="71" hits="0"/>
						<line number="72" hits="0"/>
						<line number="73" hits="0"/>
						<line number="74" hits="0"/>
						<line number="76" hits="0"/>
						<line number="78" hits="0"/>
						<line number="89" hits="0"/>
						<line number="91" hits="0"/>
						<line number="106" hits="0"/>
						<line number="110" hits="0"/>
						<line number="111" hits="0"/>
						<line number="116" hits="0"/>
						<line number="125" hits="0"/>
						<line number="126" hits="0"/>
						<line number="127" hits="0"/>
						<line number="129" hits="0" branch="true" condition-coverage="0% (0/2)" missing-branches="130,133"/>
						<line number="130" hits="0"/>
						<line number="131" hits="0"/>
						<line number="133" hits="0"/>
						<line number="134" hits="0" branch="true" condition-coverage="0% (0/2)" missing-branches="135,146"/>
						<line number="135" hits="0"/>
						<line number="138" hits="0" branch="true" condition-coverage="0% (0/2)" missing-branches="139,144"/>
						<line number="139" hits="0" branch="true" condition-coverage="0% (0/2)" missing-branches="140,142"/>
						<line number="140" hits="0"/>
						<line number="142" hits="0"/>
						<line number="144" hits="0"/>
						<line number="146" hits="0"/>
						<line number="148" hits="0"/>
						<line number="149" hits="0"/>
						<line number="150" hits="0"/>
						<line number="152" hits="0"/>
						<line number="154" hits="0"/>
						<line number="156" hits="0"/>
						<line number="160" hits="0" branch="true" condition-coverage="0% (0/2)" missing-branches="161,164"/>
						<line number="161" hits="0"/>
						<line number="162" hits="0"/>
						<line number="164" hits="0"/>
						<line number="165" hits="0"/>
						<line number="166" hits="0"/>
						<line number="167" hits="0"/>
						<line number="168" hits="0"/>
						<line number="169" hits="0" branch="true" condition-coverage="0% (0/2)" missing-branches="170,171"/>
						<line number="170" hits="0"/>
						<line number="171" hits="0" branch="true" condition-coverage="0% (0/2)" missing-branches="172,173"/>
						<line number="172" hits="0"/>
						<line number="173" hits="0"/>
						<line number="174" hits="0"/>
						<line number="175" hits="0"/>
						<line number="176" hits="0"/>
						<line number="178" hits="0"/>
						<line number="183" hits="0"/>
						<line number="184" hits="0" branch="true" condition-coverage="0% (0/2)" missing-branches="185,187"/>
						<line number="185" hits="0"/>
						<line number="187" hits="0"/>
						<line number="188" hits="0"/>
						<line number="191" hits="0" branch="true" condition-coverage="0% (0/2)" missing-branches="199,202"/>
						<line number="199" hits="0"/>
						<line number="202" hits="0"/>
						<line number="203" hits="0"/>
						<line number="206" hits="0"/>
						<line number="208" hits="0"/>
						<line number="210" hits="0"/>
						<line number="214" hits="0"/>
						<line number="217" hits="0" branch="true" condition-coverage="0% (0/2)" missing-branches="218,221"/>
						<line number="218" hits="0"/>
						<line number="221" hits="0" branch="true" condition-coverage="0% (0/2)" missing-branches="222,225"/>
						<line number="222" hits="0"/>
						<line number="225" hits="0" branch="true" condition-coverage="0% (0/2)" missing-branches="226,229"/>
						<line number="226" hits="0"/>
						<line number="229" hits="0" branch="true" condition-coverage="0% (0/2)" missing-branches="230,233"/>
						<line number="230" hits="0"/>
						<line number="233" hits="0" branch="true" condition-coverage="0% (0/2)" missing-branches="234,237"/>
						<line number="234" hits="0"/>
						<line number="237" hits="0" branch="true" condition-coverage="0% (0/2)" missing-branches="238,240"/>
						<line number="238" hits="0"/>
						<line number="240" hits="0"/>
						<line number="242" hits="0"/>
						<line number="246" hits="0"/>
						<line number="249" hits="0"/>
						<line number="263" hits="0"/>
						<line number="264" hits="0"/>
						<line number="265" hits="0"/>
						<line number="266" hits="0"/>
						<line number="267" hits="0"/>
						<line number="269" hits="0"/>
						<line number="270" hits="0"/>
						<line number="272" hits="0"/>
						<line number="276" hits="0" branch="true" condition-coverage="0% (0/2)" missing-branches="277,279"/>
						<line number="277" hits="0"/>
						<line number="279" hits="0"/>
						<line number="281" hits="0"/>
						<line number="283" hits="0"/>
						<line number="284" hits="0"/>
						<line number="287" hits="0"/>
						<line number="288" hits="0"/>
						<line number="291" hits="0"/>
						<line number="293" hits="0" branch="true" condition-coverage="0% (0/2)" missing-branches="294,315"/>
						<line number="294" hits="0"/>
						<line number="296" hits="0" branch="true" condition-coverage="0% (0/2)" missing-branches="293,297"/>
						<line number="297" hits="0"/>
						<line number="298" hits="0"/>
						<line number="303" hits="0"/>
						<line number="306" hits="0"/>
						<line number="308" hits="0"/>
						<line number="309" hits="0"/>
						<line number="315" hits="0" branch="true" condition-coverage="0% (0/2)" missing-branches="316,321"/>
						<line number="316" hits="0"/>
						<line number="317" hits="0"/>
						<line number="318" hits="0"/>
						<line number="321" hits="0"/>
						<line number="323" hits="0"/>
						<line number="324" hits="0"/>
						<line number="325" hits="0"/>
						<line number="326" hits="0"/>
						<line number="328" hits="0"/>
						<line number="330" hits="0"/>
						<line number="331" hits="0"/>
						<line number="332" hits="0"/>
						<line number="334" hits="0"/>
						<line number="336" hits="0"/>
						<line number="338" hits="0" branch="true" condition-coverage="0% (0/2)" missing-branches="339,343"/>
						<line number="339" hits="0"/>
						<line number="340" hits="0"/>
						<line number="341" hits="0"/>
						<line number="343" hits="0"/>
						<line number="344" hits="0"/>
						<line number="346" hits="0"/>
						<line number="347" hits="0"/>
						<line number="348" hits="0"/>
						<line number="350" hits="0"/>
						<line number="351" hits="0"/>
						<line number="352" hits="0"/>
						<line number="353" hits="0"/>
						<line number="354" hits="0"/>
						<line number="356" hits="0"/>
						<line number="357" hits="0"/>
						<line number="358" hits="0"/>
					</lines>
				</class>
				<class name="run.py" filename="run.py" complexity="0" line-rate="0" branch-rate="1">
					<methods/>
					<lines>
						<line number="7" hits="0"/>
						<line number="8" hits="0"/>
						<line number="11" hits="0"/>
						<line number="12" hits="0"/>
						<line number="15" hits="0"/>
					</lines>
				</class>
			</classes>
		</package>
		<package name="common" line-rate="0.4678" branch-rate="0.293" complexity="0">
			<classes>
				<class name="__init__.py" filename="common/__init__.py" complexity="0" line-rate="1" branch-rate="1">
					<methods/>
					<lines>
						<line number="7" hits="1"/>
						<line number="8" hits="1"/>
						<line number="9" hits="1"/>
						<line number="10" hits="1"/>
						<line number="11" hits="1"/>
						<line number="18" hits="1"/>
						<line number="25" hits="1"/>
					</lines>
				</class>
				<class name="config.py" filename="common/config.py" complexity="0" line-rate="0.5455" branch-rate="0.2727">
					<methods/>
					<lines>
						<line number="8" hits="1"/>
						<line number="9" hits="1"/>
						<line number="10" hits="1"/>
						<line number="11" hits="1"/>
						<line number="14" hits="1"/>
						<line number="17" hits="1"/>
						<line number="22" hits="1" branch="true" condition-coverage="50% (1/2)" missing-branches="36"/>
						<line number="23" hits="1" branch="true" condition-coverage="50% (1/2)" missing-branches="22"/>
						<line number="24" hits="1"/>
						<line number="25" hits="1"/>
						<line number="26" hits="1" branch="true" condition-coverage="100% (2/2)"/>
						<line number="27" hits="1"/>
						<line number="28" hits="1" branch="true" condition-coverage="100% (2/2)"/>
						<line number="29" hits="1"/>
						<line number="30" hits="1"/>
						<line number="31" hits="1"/>
						<line number="33" hits="1"/>
						<line number="34" hits="1"/>
						<line number="36" hits="0"/>
						<line number="39" hits="1"/>
						<line number="41" hits="1"/>
						<line number="44" hits="1"/>
						<line number="45" hits="1"/>
						<line number="46" hits="1"/>
						<line number="47" hits="1"/>
						<line number="48" hits="1"/>
						<line number="49" hits="1"/>
						<line number="52" hits="1"/>
						<line number="53" hits="1"/>
						<line number="54" hits="1"/>
						<line number="57" hits="1"/>
						<line number="59" hits="1"/>
						<line number="62" hits="1"/>
						<line number="71" hits="1"/>
						<line number="180" hits="1"/>
						<line number="188" hits="1"/>
						<line number="200" hits="1"/>
						<line number="207" hits="1"/>
						<line number="209" hits="0"/>
						<line number="211" hits="1"/>
						<line number="213" hits="0"/>
						<line number="215" hits="1"/>
						<line number="217" hits="0"/>
						<line number="219" hits="1"/>
						<line number="221" hits="1"/>
						<line number="223" hits="1"/>
						<line number="225" hits="0" branch="true" condition-coverage="0% (0/2)" missing-branches="226,229"/>
						<line number="226" hits="0"/>
						<line number="229" hits="0"/>
						<line number="231" hits="1"/>
						<line number="233" hits="0"/>
						<line number="235" hits="1"/>
						<line number="237" hits="0"/>
						<line number="239" hits="1"/>
						<line number="241" hits="0"/>
						<line number="244" hits="1"/>
						<line number="246" hits="1"/>
						<line number="256" hits="1"/>
						<line number="258" hits="1"/>
						<line number="260" hits="0" branch="true" condition-coverage="0% (0/2)" missing-branches="262,270"/>
						<line number="262" hits="0"/>
						<line number="265" hits="0" branch="true" condition-coverage="0% (0/2)" missing-branches="266,270"/>
						<line number="266" hits="0" branch="true" condition-coverage="0% (0/2)" missing-branches="265,267"/>
						<line number="267" hits="0"/>
						<line number="268" hits="0"/>
						<line number="270" hits="0" branch="true" condition-coverage="0% (0/2)" missing-branches="271,285"/>
						<line number="271" hits="0"/>
						<line number="272" hits="0"/>
						<line number="273" hits="0"/>
						<line number="274" hits="0"/>
						<line number="276" hits="0"/>
						<line number="277" hits="0" branch="true" condition-coverage="0% (0/2)" missing-branches="278,280"/>
						<line number="278" hits="0"/>
						<line number="280" hits="0"/>
						<line number="281" hits="0"/>
						<line number="282" hits="0"/>
						<line number="283" hits="0"/>
						<line number="285" hits="0"/>
						<line number="287" hits="1"/>
						<line number="289" hits="0"/>
						<line number="290" hits="0"/>
						<line number="291" hits="0"/>
						<line number="292" hits="0"/>
						<line number="293" hits="0"/>
						<line number="294" hits="0"/>
						<line number="295" hits="0"/>
						<line number="296" hits="0"/>
						<line number="298" hits="1"/>
						<line number="300" hits="0"/>
						<line number="301" hits="0"/>
						<line number="302" hits="0" branch="true" condition-coverage="0% (0/2)" missing-branches="303,307"/>
						<line number="303" hits="0"/>
						<line number="304" hits="0"/>
						<line number="305" hits="0"/>
						<line number="306" hits="0"/>
						<line number="307" hits="0"/>
						<line number="310" hits="1"/>
						<line number="312" hits="1"/>
						<line number="314" hits="1"/>
					</lines>
				</class>
				<class name="database.py" filename="common/database.py" complexity="0" line-rate="0.3925" branch-rate="0.226">
					<methods/>
					<lines>
						<line number="8" hits="1"/>
						<line number="9" hits="1"/>
						<line number="10" hits="1"/>
						<line number="11" hits="1"/>
						<line number="12" hits="1"/>
						<line number="13" hits="1"/>
						<line number="14" hits="1"/>
						<line number="16" hits="1"/>
						<line number="17" hits="1"/>
						<line number="19" hits="1"/>
						<line number="22" hits="1"/>
						<line number="25" hits="1"/>
						<line number="32" hits="1"/>
						<line number="33" hits="1"/>
						<line number="36" hits="1"/>
						<line number="39" hits="1"/>
						<line number="41" hits="1"/>
						<line number="43" hits="1"/>
						<line number="46" hits="1"/>
						<line number="49" hits="1"/>
						<line number="51" hits="1"/>
						<line number="53" hits="1"/>
						<line number="55" hits="1" branch="true" condition-coverage="50% (1/2)" missing-branches="56"/>
						<line number="56" hits="0"/>
						<line number="57" hits="0"/>
						<line number="59" hits="1"/>
						<line number="60" hits="1"/>
						<line number="61" hits="1"/>
						<line number="64" hits="1"/>
						<line number="66" hits="1"/>
						<line number="67" hits="1"/>
						<line number="68" hits="1"/>
						<line number="70" hits="1"/>
						<line number="72" hits="0"/>
						<line number="73" hits="0"/>
						<line number="74" hits="0"/>
						<line number="76" hits="1"/>
						<line number="78" hits="1"/>
						<line number="80" hits="1"/>
						<line number="81" hits="1"/>
						<line number="82" hits="1"/>
						<line number="86" hits="1"/>
						<line number="88" hits="1" branch="true" condition-coverage="100% (2/2)"/>
						<line number="89" hits="1"/>
						<line number="90" hits="1"/>
						<line number="93" hits="1"/>
						<line number="95" hits="1" branch="true" condition-coverage="50% (1/2)" missing-branches="96"/>
						<line number="96" hits="0"/>
						<line number="97" hits="0"/>
						<line number="99" hits="1"/>
						<line number="100" hits="1"/>
						<line number="103" hits="1"/>
						<line number="105" hits="1"/>
						<line number="106" hits="1"/>
						<line number="107" hits="1"/>
						<line number="109" hits="1"/>
						<line number="111" hits="0"/>
						<line number="112" hits="0"/>
						<line number="115" hits="1"/>
						<line number="116" hits="1"/>
						<line number="118" hits="1"/>
						<line number="119" hits="1"/>
						<line number="120" hits="1"/>
						<line number="121" hits="1"/>
						<line number="122" hits="1"/>
						<line number="123" hits="1"/>
						<line number="124" hits="1" branch="true" condition-coverage="50% (1/2)" missing-branches="126"/>
						<line number="125" hits="1"/>
						<line number="126" hits="1"/>
						<line number="127" hits="1"/>
						<line number="129" hits="1" branch="true" condition-coverage="50% (1/2)" missing-branches="exit"/>
						<line number="130" hits="1"/>
						<line number="132" hits="1"/>
						<line number="144" hits="1"/>
						<line number="145" hits="1"/>
						<line number="147" hits="1" branch="true" condition-coverage="100% (2/2)"/>
						<line number="148" hits="1"/>
						<line number="149" hits="1"/>
						<line number="151" hits="1" branch="true" condition-coverage="100% (2/2)"/>
						<line number="152" hits="1"/>
						<line number="153" hits="1"/>
						<line number="155" hits="1"/>
						<line number="156" hits="1"/>
						<line number="162" hits="1"/>
						<line number="165" hits="1"/>
						<line number="169" hits="1"/>
						<line number="171" hits="1"/>
						<line number="173" hits="1"/>
						<line number="174" hits="1"/>
						<line number="176" hits="1"/>
						<line number="178" hits="1"/>
						<line number="179" hits="1"/>
						<line number="181" hits="1"/>
						<line number="183" hits="1" branch="true" condition-coverage="50% (1/2)" missing-branches="184"/>
						<line number="184" hits="0"/>
						<line number="187" hits="1"/>
						<line number="188" hits="1" branch="true" condition-coverage="50% (1/2)" missing-branches="189"/>
						<line number="189" hits="0"/>
						<line number="192" hits="1"/>
						<line number="193" hits="1"/>
						<line number="195" hits="1" branch="true" condition-coverage="100% (2/2)"/>
						<line number="196" hits="1"/>
						<line number="197" hits="1"/>
						<line number="199" hits="1"/>
						<line number="201" hits="1"/>
						<line number="208" hits="1"/>
						<line number="209" hits="1"/>
						<line number="211" hits="1"/>
						<line number="212" hits="1"/>
						<line number="213" hits="1"/>
						<line number="214" hits="1"/>
						<line number="215" hits="0"/>
						<line number="216" hits="0"/>
						<line number="217" hits="0"/>
						<line number="218" hits="0"/>
						<line number="224" hits="1"/>
						<line number="228" hits="0"/>
						<line number="232" hits="0"/>
						<line number="234" hits="1"/>
						<line number="236" hits="0"/>
						<line number="241" hits="0"/>
						<line number="247" hits="1"/>
						<line number="251" hits="1"/>
						<line number="255" hits="1"/>
						<line number="257" hits="1"/>
						<line number="259" hits="1"/>
						<line number="264" hits="1"/>
						<line number="266" hits="1"/>
						<line number="268" hits="1"/>
						<line number="269" hits="1"/>
						<line number="271" hits="1"/>
						<line number="273" hits="0"/>
						<line number="279" hits="1"/>
						<line number="284" hits="1"/>
						<line number="286" hits="1"/>
						<line number="292" hits="1"/>
						<line number="297" hits="1"/>
						<line number="299" hits="0"/>
						<line number="304" hits="0"/>
						<line number="306" hits="1"/>
						<line number="308" hits="1"/>
						<line number="312" hits="1"/>
						<line number="318" hits="1"/>
						<line number="323" hits="1"/>
						<line number="324" hits="1"/>
						<line number="326" hits="1"/>
						<line number="332" hits="1"/>
						<line number="337" hits="1"/>
						<line number="339" hits="1"/>
						<line number="340" hits="1"/>
						<line number="342" hits="1" branch="true" condition-coverage="50% (1/2)" missing-branches="346"/>
						<line number="343" hits="1"/>
						<line number="344" hits="1"/>
						<line number="346" hits="1" branch="true" condition-coverage="50% (1/2)" missing-branches="347"/>
						<line number="347" hits="0"/>
						<line number="348" hits="0"/>
						<line number="350" hits="1"/>
						<line number="352" hits="1"/>
						<line number="359" hits="1"/>
						<line number="361" hits="1"/>
						<line number="364" hits="1"/>
						<line number="365" hits="1"/>
						<line number="367" hits="1" branch="true" condition-coverage="50% (1/2)" missing-branches="374"/>
						<line number="368" hits="1"/>
						<line number="369" hits="1"/>
						<line number="370" hits="1" branch="true" condition-coverage="50% (1/2)" missing-branches="374"/>
						<line number="371" hits="1"/>
						<line number="372" hits="1"/>
						<line number="374" hits="1" branch="true" condition-coverage="50% (1/2)" missing-branches="381"/>
						<line number="375" hits="1"/>
						<line number="376" hits="1"/>
						<line number="377" hits="1" branch="true" condition-coverage="50% (1/2)" missing-branches="381"/>
						<line number="378" hits="1"/>
						<line number="379" hits="1"/>
						<line number="381" hits="1" branch="true" condition-coverage="50% (1/2)" missing-branches="382"/>
						<line number="382" hits="0"/>
						<line number="384" hits="1"/>
						<line number="386" hits="1"/>
						<line number="391" hits="1"/>
						<line number="392" hits="1"/>
						<line number="394" hits="1"/>
						<line number="396" hits="1"/>
						<line number="398" hits="1"/>
						<line number="399" hits="1"/>
						<line number="402" hits="1"/>
						<line number="403" hits="1"/>
						<line number="404" hits="1"/>
						<line number="406" hits="0"/>
						<line number="407" hits="0"/>
						<line number="408" hits="0"/>
						<line number="414" hits="1"/>
						<line number="418" hits="0"/>
						<line number="419" hits="0"/>
						<line number="421" hits="0"/>
						<line number="426" hits="0"/>
						<line number="430" hits="1"/>
						<line number="432" hits="0"/>
						<line number="437" hits="0"/>
						<line number="443" hits="1"/>
						<line number="449" hits="0"/>
						<line number="455" hits="0"/>
						<line number="464" hits="1"/>
						<line number="466" hits="0"/>
						<line number="469" hits="0"/>
						<line number="476" hits="0"/>
						<line number="477" hits="0"/>
						<line number="480" hits="0"/>
						<line number="488" hits="0"/>
						<line number="489" hits="0"/>
						<line number="492" hits="0"/>
						<line number="500" hits="0"/>
						<line number="501" hits="0"/>
						<line number="503" hits="0"/>
						<line number="509" hits="1"/>
						<line number="513" hits="0"/>
						<line number="517" hits="0"/>
						<line number="519" hits="1"/>
						<line number="521" hits="0"/>
						<line number="522" hits="0" branch="true" condition-coverage="0% (0/2)" missing-branches="523,524"/>
						<line number="523" hits="0"/>
						<line number="524" hits="0"/>
						<line number="525" hits="0"/>
						<line number="527" hits="1"/>
						<line number="529" hits="0"/>
						<line number="530" hits="0"/>
						<line number="532" hits="1"/>
						<line number="534" hits="0"/>
						<line number="536" hits="0"/>
						<line number="538" hits="0"/>
						<line number="539" hits="0"/>
						<line number="540" hits="0"/>
						<line number="541" hits="0"/>
						<line number="542" hits="0"/>
						<line number="544" hits="1"/>
						<line number="546" hits="0"/>
						<line number="550" hits="0"/>
						<line number="552" hits="1"/>
						<line number="554" hits="0" branch="true" condition-coverage="0% (0/2)" missing-branches="555,558"/>
						<line number="555" hits="0"/>
						<line number="556" hits="0"/>
						<line number="558" hits="0"/>
						<line number="559" hits="0"/>
						<line number="560" hits="0"/>
						<line number="562" hits="1"/>
						<line number="567" hits="0"/>
						<line number="569" hits="0"/>
						<line number="575" hits="0"/>
						<line number="580" hits="1"/>
						<line number="584" hits="0"/>
						<line number="586" hits="0"/>
						<line number="591" hits="0"/>
						<line number="595" hits="1"/>
						<line number="598" hits="0"/>
						<line number="602" hits="0"/>
						<line number="604" hits="1"/>
						<line number="608" hits="0"/>
						<line number="609" hits="0"/>
						<line number="611" hits="0" branch="true" condition-coverage="0% (0/2)" missing-branches="612,621"/>
						<line number="612" hits="0"/>
						<line number="613" hits="0"/>
						<line number="614" hits="0" branch="true" condition-coverage="0% (0/2)" missing-branches="615,617"/>
						<line number="615" hits="0"/>
						<line number="616" hits="0"/>
						<line number="617" hits="0" branch="true" condition-coverage="0% (0/2)" missing-branches="618,621"/>
						<line number="618" hits="0"/>
						<line number="619" hits="0"/>
						<line number="621" hits="0" branch="true" condition-coverage="0% (0/2)" missing-branches="622,625"/>
						<line number="622" hits="0"/>
						<line number="623" hits="0"/>
						<line number="625" hits="0" branch="true" condition-coverage="0% (0/2)" missing-branches="626,629"/>
						<line number="626" hits="0"/>
						<line number="627" hits="0"/>
						<line number="629" hits="0" branch="true" condition-coverage="0% (0/2)" missing-branches="630,633"/>
						<line number="630" hits="0"/>
						<line number="631" hits="0"/>
						<line number="633" hits="0" branch="true" condition-coverage="0% (0/2)" missing-branches="634,637"/>
						<line number="634" hits="0"/>
						<line number="635" hits="0"/>
						<line number="637" hits="0" branch="true" condition-coverage="0% (0/2)" missing-branches="638,640"/>
						<line number="638" hits="0"/>
						<line number="640" hits="0"/>
						<line number="641" hits="0"/>
						<line number="642" hits="0"/>
						<line number="643" hits="0"/>
						<line number="645" hits="1"/>
						<line number="647" hits="0"/>
						<line number="656" hits="0"/>
						<line number="658" hits="1"/>
						<line number="661" hits="0"/>
						<line number="665" hits="0"/>
						<line number="667" hits="1"/>
						<line number="669" hits="0" branch="true" condition-coverage="0% (0/2)" missing-branches="670,673"/>
						<line number="670" hits="0"/>
						<line number="671" hits="0"/>
						<line number="673" hits="0"/>
						<line number="674" hits="0"/>
						<line number="675" hits="0"/>
						<line number="677" hits="1"/>
						<line number="680" hits="0"/>
						<line number="685" hits="0"/>
						<line number="687" hits="1"/>
						<line number="689" hits="0"/>
						<line number="690" hits="0"/>
						<line number="691" hits="0"/>
						<line number="693" hits="1"/>
						<line number="695" hits="0"/>
						<line number="702" hits="0"/>
						<line number="708" hits="1"/>
						<line number="713" hits="0"/>
						<line number="718" hits="0"/>
						<line number="723" hits="1"/>
						<line number="725" hits="0"/>
						<line number="730" hits="0"/>
						<line number="732" hits="1"/>
						<line number="734" hits="0" branch="true" condition-coverage="0% (0/2)" missing-branches="735,738"/>
						<line number="735" hits="0"/>
						<line number="738" hits="0"/>
						<line number="739" hits="0"/>
						<line number="741" hits="0" branch="true" condition-coverage="0% (0/2)" missing-branches="742,746"/>
						<line number="742" hits="0"/>
						<line number="743" hits="0"/>
						<line number="746" hits="0"/>
						<line number="748" hits="0" branch="true" condition-coverage="0% (0/2)" missing-branches="749,752"/>
						<line number="749" hits="0"/>
						<line number="750" hits="0"/>
						<line number="752" hits="0"/>
						<line number="753" hits="0"/>
						<line number="758" hits="0"/>
						<line number="760" hits="1"/>
						<line number="762" hits="0"/>
						<line number="764" hits="0" branch="true" condition-coverage="0% (0/2)" missing-branches="765,773"/>
						<line number="765" hits="0"/>
						<line number="771" hits="0"/>
						<line number="773" hits="0"/>
						<line number="779" hits="0"/>
						<line number="781" hits="1"/>
						<line number="783" hits="0"/>
						<line number="784" hits="0"/>
						<line number="785" hits="0"/>
						<line number="787" hits="1"/>
						<line number="790" hits="0"/>
						<line number="794" hits="0"/>
						<line number="796" hits="1"/>
						<line number="798" hits="0" branch="true" condition-coverage="0% (0/2)" missing-branches="799,807"/>
						<line number="799" hits="0"/>
						<line number="805" hits="0"/>
						<line number="807" hits="0"/>
						<line number="808" hits="0"/>
						<line number="809" hits="0"/>
						<line number="811" hits="1"/>
						<line number="813" hits="0"/>
						<line number="816" hits="0"/>
						<line number="823" hits="0"/>
						<line number="824" hits="0" branch="true" condition-coverage="0% (0/2)" missing-branches="825,828"/>
						<line number="825" hits="0"/>
						<line number="828" hits="0"/>
						<line number="836" hits="0"/>
						<line number="839" hits="0"/>
						<line number="845" hits="0"/>
						<line number="847" hits="0"/>
						<line number="849" hits="1"/>
						<line number="851" hits="0"/>
						<line number="854" hits="0"/>
						<line number="859" hits="0"/>
						<line number="860" hits="0"/>
						<line number="863" hits="0"/>
						<line number="872" hits="0"/>
						<line number="873" hits="0" branch="true" condition-coverage="0% (0/2)" missing-branches="874,877"/>
						<line number="874" hits="0"/>
						<line number="877" hits="0"/>
						<line number="885" hits="0"/>
						<line number="886" hits="0" branch="true" condition-coverage="0% (0/2)" missing-branches="887,889"/>
						<line number="887" hits="0"/>
						<line number="889" hits="0"/>
						<line number="891" hits="1"/>
						<line number="893" hits="0"/>
						<line number="900" hits="0"/>
						<line number="902" hits="1"/>
						<line number="904" hits="0" branch="true" condition-coverage="0% (0/2)" missing-branches="905,907"/>
						<line number="905" hits="0"/>
						<line number="907" hits="0"/>
						<line number="909" hits="0"/>
						<line number="922" hits="0"/>
						<line number="924" hits="1"/>
						<line number="926" hits="0"/>
						<line number="940" hits="0"/>
						<line number="946" hits="1"/>
						<line number="948" hits="1"/>
						<line number="949" hits="1"/>
						<line number="951" hits="1" branch="true" condition-coverage="50% (1/2)" missing-branches="952"/>
						<line number="952" hits="0"/>
						<line number="954" hits="1"/>
						<line number="955" hits="1"/>
						<line number="958" hits="1" branch="true" condition-coverage="100% (2/2)"/>
						<line number="959" hits="1"/>
						<line number="960" hits="1" branch="true" condition-coverage="100% (2/2)"/>
						<line number="961" hits="1"/>
						<line number="962" hits="1" branch="true" condition-coverage="100% (2/2)"/>
						<line number="963" hits="1"/>
						<line number="965" hits="1"/>
						<line number="967" hits="1"/>
						<line number="970" hits="1" branch="true" condition-coverage="100% (2/2)"/>
						<line number="971" hits="1"/>
						<line number="973" hits="1"/>
						<line number="975" hits="1"/>
						<line number="980" hits="1"/>
						<line number="981" hits="1"/>
						<line number="987" hits="1"/>
						<line number="994" hits="0"/>
						<line number="995" hits="0"/>
						<line number="996" hits="0"/>
						<line number="999" hits="0"/>
						<line number="1004" hits="0"/>
						<line number="1006" hits="0" branch="true" condition-coverage="0% (0/2)" missing-branches="1008,1024"/>
						<line number="1008" hits="0"/>
						<line number="1009" hits="0"/>
						<line number="1024" hits="0"/>
						<line number="1035" hits="0"/>
						<line number="1037" hits="0"/>
						<line number="1038" hits="0"/>
						<line number="1040" hits="0"/>
						<line number="1041" hits="0"/>
						<line number="1042" hits="0"/>
						<line number="1044" hits="1"/>
						<line number="1046" hits="0"/>
						<line number="1047" hits="0"/>
						<line number="1048" hits="0"/>
						<line number="1049" hits="0"/>
						<line number="1057" hits="0"/>
						<line number="1059" hits="0"/>
						<line number="1060" hits="0"/>
						<line number="1061" hits="0"/>
						<line number="1063" hits="1"/>
						<line number="1065" hits="0"/>
						<line number="1066" hits="0"/>
						<line number="1067" hits="0"/>
						<line number="1068" hits="0"/>
						<line number="1073" hits="0"/>
						<line number="1074" hits="0"/>
						<line number="1076" hits="0"/>
						<line number="1077" hits="0"/>
						<line number="1078" hits="0"/>
						<line number="1080" hits="1"/>
						<line number="1082" hits="0"/>
						<line number="1083" hits="0"/>
						<line number="1084" hits="0"/>
						<line number="1085" hits="0"/>
						<line number="1090" hits="0"/>
						<line number="1091" hits="0"/>
						<line number="1093" hits="0"/>
						<line number="1094" hits="0"/>
						<line number="1095" hits="0"/>
						<line number="1097" hits="1"/>
						<line number="1099" hits="0"/>
						<line number="1100" hits="0"/>
						<line number="1101" hits="0"/>
						<line number="1102" hits="0"/>
						<line number="1107" hits="0"/>
						<line number="1108" hits="0"/>
						<line number="1110" hits="0"/>
						<line number="1111" hits="0"/>
						<line number="1112" hits="0"/>
						<line number="1119" hits="1"/>
						<line number="1122" hits="0"/>
						<line number="1124" hits="0"/>
						<line number="1129" hits="0"/>
						<line number="1131" hits="1"/>
						<line number="1133" hits="0" branch="true" condition-coverage="0% (0/2)" missing-branches="1134,1140"/>
						<line number="1134" hits="0"/>
						<line number="1140" hits="0"/>
						<line number="1145" hits="0"/>
						<line number="1147" hits="1"/>
						<line number="1150" hits="0"/>
						<line number="1156" hits="0"/>
						<line number="1157" hits="0"/>
						<line number="1159" hits="1"/>
						<line number="1161" hits="0"/>
						<line number="1162" hits="0"/>
						<line number="1163" hits="0"/>
						<line number="1165" hits="0" branch="true" condition-coverage="0% (0/2)" missing-branches="1166,1174"/>
						<line number="1166" hits="0"/>
						<line number="1167" hits="0"/>
						<line number="1174" hits="0"/>
						<line number="1175" hits="0"/>
						<line number="1176" hits="0"/>
						<line number="1177" hits="0"/>
						<line number="1178" hits="0"/>
						<line number="1181" hits="1"/>
						<line number="1187" hits="0"/>
						<line number="1194" hits="0"/>
						<line number="1199" hits="1"/>
						<line number="1202" hits="0"/>
						<line number="1203" hits="0"/>
						<line number="1205" hits="0" branch="true" condition-coverage="0% (0/2)" missing-branches="1206,1209"/>
						<line number="1206" hits="0"/>
						<line number="1207" hits="0"/>
						<line number="1209" hits="0" branch="true" condition-coverage="0% (0/2)" missing-branches="1210,1213"/>
						<line number="1210" hits="0"/>
						<line number="1211" hits="0"/>
						<line number="1213" hits="0"/>
						<line number="1215" hits="0"/>
						<line number="1226" hits="0"/>
						<line number="1228" hits="1"/>
						<line number="1231" hits="0"/>
						<line number="1236" hits="0"/>
						<line number="1237" hits="0"/>
						<line number="1239" hits="1"/>
						<line number="1241" hits="0"/>
						<line number="1242" hits="0"/>
						<line number="1243" hits="0"/>
						<line number="1245" hits="0" branch="true" condition-coverage="0% (0/2)" missing-branches="1246,1258"/>
						<line number="1246" hits="0"/>
						<line number="1258" hits="0"/>
						<line number="1259" hits="0"/>
						<line number="1260" hits="0"/>
						<line number="1261" hits="0"/>
						<line number="1262" hits="0"/>
						<line number="1264" hits="1"/>
						<line number="1266" hits="0"/>
						<line number="1270" hits="0"/>
						<line number="1272" hits="0"/>
						<line number="1278" hits="0" branch="true" condition-coverage="0% (0/2)" missing-branches="1279,1284"/>
						<line number="1279" hits="0"/>
						<line number="1280" hits="0"/>
						<line number="1281" hits="0"/>
						<line number="1282" hits="0"/>
						<line number="1284" hits="0"/>
						<line number="1287" hits="1"/>
						<line number="1290" hits="0"/>
						<line number="1291" hits="0"/>
						<line number="1293" hits="0"/>
						<line number="1298" hits="0"/>
						<line number="1299" hits="0"/>
						<line number="1301" hits="1"/>
						<line number="1303" hits="0"/>
						<line number="1304" hits="0"/>
						<line number="1306" hits="1"/>
						<line number="1311" hits="0"/>
						<line number="1312" hits="0"/>
						<line number="1314" hits="0" branch="true" condition-coverage="0% (0/2)" missing-branches="1315,1322"/>
						<line number="1315" hits="0"/>
						<line number="1316" hits="0"/>
						<line number="1317" hits="0" branch="true" condition-coverage="0% (0/2)" missing-branches="1318,1319"/>
						<line number="1318" hits="0"/>
						<line number="1319" hits="0" branch="true" condition-coverage="0% (0/2)" missing-branches="1320,1322"/>
						<line number="1320" hits="0"/>
						<line number="1322" hits="0" branch="true" condition-coverage="0% (0/2)" missing-branches="1323,1326"/>
						<line number="1323" hits="0"/>
						<line number="1324" hits="0"/>
						<line number="1326" hits="0" branch="true" condition-coverage="0% (0/2)" missing-branches="1327,1330"/>
						<line number="1327" hits="0"/>
						<line number="1328" hits="0"/>
						<line number="1330" hits="0" branch="true" condition-coverage="0% (0/2)" missing-branches="1331,1334"/>
						<line number="1331" hits="0"/>
						<line number="1332" hits="0"/>
						<line number="1334" hits="0" branch="true" condition-coverage="0% (0/2)" missing-branches="1335,1338"/>
						<line number="1335" hits="0"/>
						<line number="1336" hits="0"/>
						<line number="1338" hits="0" branch="true" condition-coverage="0% (0/2)" missing-branches="1339,1342"/>
						<line number="1339" hits="0"/>
						<line number="1340" hits="0"/>
						<line number="1342" hits="0" branch="true" condition-coverage="0% (0/2)" missing-branches="1343,1345"/>
						<line number="1343" hits="0"/>
						<line number="1345" hits="0"/>
						<line number="1346" hits="0"/>
						<line number="1347" hits="0"/>
						<line number="1348" hits="0"/>
						<line number="1351" hits="1"/>
						<line number="1353" hits="0"/>
						<line number="1358" hits="0"/>
						<line number="1360" hits="1"/>
						<line number="1366" hits="0"/>
						<line number="1367" hits="0"/>
						<line number="1369" hits="0" branch="true" condition-coverage="0% (0/2)" missing-branches="1370,1375"/>
						<line number="1370" hits="0"/>
						<line number="1371" hits="0"/>
						<line number="1372" hits="0" branch="true" condition-coverage="0% (0/2)" missing-branches="1373,1375"/>
						<line number="1373" hits="0"/>
						<line number="1375" hits="0" branch="true" condition-coverage="0% (0/2)" missing-branches="1376,1379"/>
						<line number="1376" hits="0"/>
						<line number="1377" hits="0"/>
						<line number="1379" hits="0" branch="true" condition-coverage="0% (0/2)" missing-branches="1380,1383"/>
						<line number="1380" hits="0"/>
						<line number="1381" hits="0"/>
						<line number="1383" hits="0" branch="true" condition-coverage="0% (0/2)" missing-branches="1384,1387"/>
						<line number="1384" hits="0"/>
						<line number="1385" hits="0"/>
						<line number="1387" hits="0" branch="true" condition-coverage="0% (0/2)" missing-branches="1388,1391"/>
						<line number="1388" hits="0"/>
						<line number="1389" hits="0"/>
						<line number="1391" hits="0" branch="true" condition-coverage="0% (0/2)" missing-branches="1392,1395"/>
						<line number="1392" hits="0"/>
						<line number="1393" hits="0"/>
						<line number="1395" hits="0" branch="true" condition-coverage="0% (0/2)" missing-branches="1396,1399"/>
						<line number="1396" hits="0"/>
						<line number="1397" hits="0"/>
						<line number="1399" hits="0" branch="true" condition-coverage="0% (0/2)" missing-branches="1400,1403"/>
						<line number="1400" hits="0"/>
						<line number="1401" hits="0"/>
						<line number="1403" hits="0" branch="true" condition-coverage="0% (0/2)" missing-branches="1404,1406"/>
						<line number="1404" hits="0"/>
						<line number="1406" hits="0"/>
						<line number="1407" hits="0"/>
						<line number="1408" hits="0"/>
						<line number="1409" hits="0"/>
						<line number="1411" hits="1"/>
						<line number="1413" hits="0"/>
						<line number="1414" hits="0"/>
						<line number="1416" hits="0" branch="true" condition-coverage="0% (0/2)" missing-branches="1417,1420"/>
						<line number="1417" hits="0"/>
						<line number="1418" hits="0"/>
						<line number="1420" hits="0" branch="true" condition-coverage="0% (0/2)" missing-branches="1421,1424"/>
						<line number="1421" hits="0"/>
						<line number="1422" hits="0"/>
						<line number="1424" hits="0"/>
						<line number="1426" hits="0"/>
						<line number="1431" hits="0"/>
						<line number="1433" hits="1"/>
						<line number="1435" hits="0"/>
						<line number="1436" hits="0"/>
						<line number="1440" hits="1"/>
						<line number="1442" hits="1"/>
						<line number="1445" hits="1" branch="true" condition-coverage="100% (2/2)"/>
						<line number="1446" hits="1"/>
						<line number="1447" hits="1"/>
						<line number="1450" hits="1"/>
						<line number="1451" hits="1"/>
						<line number="1456" hits="1"/>
						<line number="1457" hits="1"/>
						<line number="1459" hits="1"/>
						<line number="1460" hits="1"/>
						<line number="1461" hits="1"/>
						<line number="1462" hits="1"/>
						<line number="1463" hits="1"/>
						<line number="1464" hits="1"/>
						<line number="1465" hits="0"/>
						<line number="1466" hits="0" branch="true" condition-coverage="0% (0/2)" missing-branches="1467,1468"/>
						<line number="1467" hits="0"/>
						<line number="1468" hits="0"/>
						<line number="1469" hits="0"/>
						<line number="1471" hits="1" branch="true" condition-coverage="50% (1/2)" missing-branches="exit"/>
						<line number="1472" hits="1"/>
					</lines>
				</class>
				<class name="exceptions.py" filename="common/exceptions.py" complexity="0" line-rate="0.6047" branch-rate="0">
					<methods/>
					<lines>
						<line number="7" hits="1"/>
						<line number="9" hits="1"/>
						<line number="10" hits="1"/>
						<line number="11" hits="1"/>
						<line number="12" hits="1"/>
						<line number="13" hits="1"/>
						<line number="15" hits="1"/>
						<line number="17" hits="1"/>
						<line number="18" hits="0"/>
						<line number="20" hits="1"/>
						<line number="22" hits="1"/>
						<line number="23" hits="1"/>
						<line number="25" hits="1"/>
						<line number="27" hits="1"/>
						<line number="28" hits="1"/>
						<line number="30" hits="1"/>
						<line number="32" hits="1"/>
						<line number="33" hits="0"/>
						<line number="35" hits="1"/>
						<line number="37" hits="1"/>
						<line number="38" hits="0"/>
						<line number="40" hits="1"/>
						<line number="42" hits="1"/>
						<line number="43" hits="0"/>
						<line number="45" hits="1"/>
						<line number="47" hits="1"/>
						<line number="48" hits="0"/>
						<line number="50" hits="1"/>
						<line number="52" hits="1"/>
						<line number="53" hits="0"/>
						<line number="55" hits="1"/>
						<line number="57" hits="0" branch="true" condition-coverage="0% (0/2)" missing-branches="58,67"/>
						<line number="58" hits="0"/>
						<line number="67" hits="0"/>
						<line number="76" hits="1"/>
						<line number="78" hits="0"/>
						<line number="79" hits="0"/>
						<line number="80" hits="0"/>
						<line number="81" hits="0"/>
						<line number="82" hits="0"/>
						<line number="83" hits="0"/>
						<line number="84" hits="0"/>
						<line number="85" hits="0"/>
					</lines>
				</class>
				<class name="llm_client.py" filename="common/llm_client.py" complexity="0" line-rate="0.6483" branch-rate="0.5">
					<methods/>
					<lines>
						<line number="8" hits="1"/>
						<line number="9" hits="1"/>
						<line number="10" hits="1"/>
						<line number="11" hits="1"/>
						<line number="12" hits="1"/>
						<line number="15" hits="1"/>
						<line number="18" hits="1"/>
						<line number="19" hits="1"/>
						<line number="20" hits="1"/>
						<line number="23" hits="1"/>
						<line number="27" hits="1"/>
						<line number="28" hits="1"/>
						<line number="30" hits="1"/>
						<line number="38" hits="1"/>
						<line number="39" hits="1"/>
						<line number="40" hits="1"/>
						<line number="43" hits="1"/>
						<line number="46" hits="1"/>
						<line number="49" hits="1" branch="true" condition-coverage="100% (2/2)"/>
						<line number="51" hits="1"/>
						<line number="52" hits="1"/>
						<line number="53" hits="1"/>
						<line number="54" hits="1" branch="true" condition-coverage="50% (1/2)" missing-branches="56"/>
						<line number="56" hits="0"/>
						<line number="57" hits="0"/>
						<line number="58" hits="0"/>
						<line number="60" hits="0"/>
						<line number="63" hits="1"/>
						<line number="64" hits="1"/>
						<line number="65" hits="1"/>
						<line number="67" hits="1"/>
						<line number="68" hits="1"/>
						<line number="71" hits="1"/>
						<line number="73" hits="1"/>
						<line number="75" hits="1"/>
						<line number="100" hits="1"/>
						<line number="102" hits="1" branch="true" condition-coverage="100% (2/2)"/>
						<line number="103" hits="1"/>
						<line number="104" hits="1"/>
						<line number="107" hits="0"/>
						<line number="109" hits="0"/>
						<line number="110" hits="0" branch="true" condition-coverage="0% (0/2)" missing-branches="111,116"/>
						<line number="111" hits="0"/>
						<line number="112" hits="0"/>
						<line number="116" hits="0"/>
						<line number="117" hits="1" branch="true" condition-coverage="50% (1/2)" missing-branches="119"/>
						<line number="119" hits="0"/>
						<line number="120" hits="0"/>
						<line number="124" hits="1"/>
						<line number="128" hits="1"/>
						<line number="138" hits="1"/>
						<line number="143" hits="1"/>
						<line number="144" hits="1" branch="true" condition-coverage="100% (2/2)"/>
						<line number="145" hits="1"/>
						<line number="146" hits="1"/>
						<line number="148" hits="1"/>
						<line number="150" hits="1"/>
						<line number="157" hits="1"/>
						<line number="161" hits="1"/>
						<line number="171" hits="0"/>
						<line number="172" hits="0"/>
						<line number="175" hits="0"/>
						<line number="176" hits="0"/>
						<line number="177" hits="0"/>
						<line number="179" hits="0" branch="true" condition-coverage="0% (0/2)" missing-branches="180,182"/>
						<line number="180" hits="0"/>
						<line number="182" hits="0"/>
						<line number="188" hits="0"/>
						<line number="189" hits="0" branch="true" condition-coverage="0% (0/2)" missing-branches="190,191"/>
						<line number="190" hits="0"/>
						<line number="191" hits="0"/>
						<line number="193" hits="0"/>
						<line number="195" hits="0"/>
						<line number="203" hits="0"/>
						<line number="204" hits="0"/>
						<line number="205" hits="0"/>
						<line number="206" hits="0"/>
						<line number="211" hits="0"/>
						<line number="213" hits="1"/>
						<line number="218" hits="1"/>
						<line number="221" hits="1" branch="true" condition-coverage="50% (1/2)" missing-branches="222"/>
						<line number="222" hits="0"/>
						<line number="225" hits="1" branch="true" condition-coverage="100% (2/2)"/>
						<line number="227" hits="1"/>
						<line number="228" hits="1"/>
						<line number="230" hits="1" branch="true" condition-coverage="50% (1/2)" missing-branches="exit"/>
						<line number="231" hits="1"/>
						<line number="232" hits="1"/>
						<line number="233" hits="1"/>
						<line number="236" hits="1"/>
						<line number="237" hits="1" branch="true" condition-coverage="100% (2/2)"/>
						<line number="238" hits="1"/>
						<line number="240" hits="1"/>
						<line number="252" hits="1"/>
						<line number="254" hits="1"/>
						<line number="257" hits="1"/>
						<line number="263" hits="1"/>
						<line number="264" hits="1" branch="true" condition-coverage="50% (1/2)" missing-branches="265"/>
						<line number="265" hits="0"/>
						<line number="266" hits="1"/>
						<line number="268" hits="1"/>
						<line number="270" hits="1"/>
						<line number="272" hits="1" branch="true" condition-coverage="50% (1/2)" missing-branches="exit"/>
						<line number="273" hits="1"/>
						<line number="274" hits="1"/>
						<line number="277" hits="1"/>
						<line number="278" hits="1"/>
						<line number="281" hits="1"/>
						<line number="289" hits="1"/>
						<line number="290" hits="1"/>
						<line number="291" hits="1"/>
						<line number="293" hits="0"/>
						<line number="294" hits="0"/>
						<line number="297" hits="0"/>
						<line number="299" hits="0"/>
						<line number="301" hits="0"/>
						<line number="303" hits="0"/>
						<line number="305" hits="0" branch="true" condition-coverage="0% (0/2)" missing-branches="306,309"/>
						<line number="306" hits="0"/>
						<line number="309" hits="0"/>
						<line number="311" hits="0"/>
						<line number="312" hits="0"/>
						<line number="313" hits="0"/>
						<line number="314" hits="0"/>
						<line number="315" hits="0"/>
						<line number="316" hits="0"/>
						<line number="319" hits="1"/>
						<line number="328" hits="1" branch="true" condition-coverage="50% (1/2)" missing-branches="exit"/>
						<line number="329" hits="1"/>
						<line number="330" hits="1"/>
						<line number="332" hits="1"/>
						<line number="339" hits="1" branch="true" condition-coverage="100% (2/2)"/>
						<line number="340" hits="1"/>
						<line number="341" hits="1"/>
						<line number="342" hits="1"/>
						<line number="343" hits="1"/>
						<line number="346" hits="1"/>
						<line number="347" hits="1"/>
						<line number="348" hits="1"/>
						<line number="351" hits="1" branch="true" condition-coverage="50% (1/2)" missing-branches="352"/>
						<line number="352" hits="0"/>
						<line number="354" hits="1" branch="true" condition-coverage="100% (2/2)"/>
						<line number="355" hits="1"/>
						<line number="357" hits="1"/>
						<line number="358" hits="1"/>
						<line number="359" hits="1"/>
						<line number="360" hits="1" branch="true" condition-coverage="50% (1/2)" missing-branches="376"/>
						<line number="361" hits="1"/>
						<line number="363" hits="1"/>
						<line number="364" hits="0"/>
						<line number="365" hits="0"/>
						<line number="366" hits="0" branch="true" condition-coverage="0% (0/2)" missing-branches="367,376"/>
						<line number="367" hits="0"/>
						<line number="369" hits="1"/>
						<line number="370" hits="1"/>
						<line number="371" hits="1"/>
						<line number="372" hits="1" branch="true" condition-coverage="100% (2/2)"/>
						<line number="373" hits="1"/>
						<line number="376" hits="1" branch="true" condition-coverage="50% (1/2)" missing-branches="328"/>
						<line number="377" hits="1"/>
						<line number="379" hits="1"/>
						<line number="383" hits="1"/>
						<line number="384" hits="1" branch="true" condition-coverage="50% (1/2)" missing-branches="391"/>
						<line number="386" hits="1" branch="true" condition-coverage="100% (2/2)"/>
						<line number="387" hits="1"/>
						<line number="389" hits="1"/>
						<line number="391" hits="0" branch="true" condition-coverage="0% (0/2)" missing-branches="393,402"/>
						<line number="393" hits="0" branch="true" condition-coverage="0% (0/2)" missing-branches="394,395"/>
						<line number="394" hits="0"/>
						<line number="395" hits="0" branch="true" condition-coverage="0% (0/2)" missing-branches="397,399"/>
						<line number="397" hits="0"/>
						<line number="399" hits="0"/>
						<line number="402" hits="0"/>
						<line number="404" hits="1"/>
						<line number="405" hits="0"/>
						<line number="407" hits="1"/>
						<line number="411" hits="1"/>
						<line number="412" hits="1"/>
						<line number="414" hits="1" branch="true" condition-coverage="50% (1/2)" missing-branches="416"/>
						<line number="416" hits="0"/>
						<line number="417" hits="0"/>
						<line number="418" hits="0"/>
						<line number="421" hits="0" branch="true" condition-coverage="0% (0/2)" missing-branches="422,423"/>
						<line number="422" hits="0"/>
						<line number="423" hits="0" branch="true" condition-coverage="0% (0/2)" missing-branches="424,425"/>
						<line number="424" hits="0"/>
						<line number="425" hits="0" branch="true" condition-coverage="0% (0/2)" missing-branches="426,428"/>
						<line number="426" hits="0"/>
						<line number="428" hits="0"/>
						<line number="430" hits="1" branch="true" condition-coverage="50% (1/2)" missing-branches="436"/>
						<line number="432" hits="1"/>
						<line number="433" hits="1"/>
						<line number="436" hits="0"/>
						<line number="438" hits="0"/>
						<line number="439" hits="0"/>
						<line number="441" hits="1"/>
						<line number="445" hits="1" branch="true" condition-coverage="50% (1/2)" missing-branches="446"/>
						<line number="446" hits="0"/>
						<line number="447" hits="0"/>
						<line number="448" hits="0"/>
						<line number="451" hits="0" branch="true" condition-coverage="0% (0/2)" missing-branches="452,458"/>
						<line number="452" hits="0"/>
						<line number="454" hits="0"/>
						<line number="458" hits="1" branch="true" condition-coverage="100% (2/2)"/>
						<line number="459" hits="1"/>
						<line number="461" hits="1"/>
						<line number="463" hits="1"/>
						<line number="470" hits="1"/>
						<line number="478" hits="1"/>
						<line number="480" hits="1"/>
						<line number="486" hits="1" branch="true" condition-coverage="50% (1/2)" missing-branches="490"/>
						<line number="487" hits="1"/>
						<line number="488" hits="1"/>
						<line number="490" hits="0"/>
						<line number="492" hits="1"/>
						<line number="493" hits="1"/>
						<line number="495" hits="1"/>
						<line number="497" hits="1"/>
						<line number="501" hits="1"/>
						<line number="513" hits="1" branch="true" condition-coverage="50% (1/2)" missing-branches="514"/>
						<line number="514" hits="0"/>
						<line number="515" hits="0"/>
						<line number="517" hits="1"/>
						<line number="519" hits="1"/>
						<line number="522" hits="1"/>
						<line number="533" hits="1"/>
						<line number="536" hits="1"/>
						<line number="543" hits="1"/>
						<line number="544" hits="1"/>
						<line number="546" hits="1"/>
						<line number="547" hits="1" branch="true" condition-coverage="100% (2/2)"/>
						<line number="549" hits="1" branch="true" condition-coverage="100% (2/2)"/>
						<line number="550" hits="1"/>
						<line number="552" hits="1"/>
						<line number="554" hits="1"/>
						<line number="564" hits="1"/>
					</lines>
				</class>
				<class name="logger.py" filename="common/logger.py" complexity="0" line-rate="0.6765" branch-rate="0.5">
					<methods/>
					<lines>
						<line number="7" hits="1"/>
						<line number="8" hits="1"/>
						<line number="9" hits="1"/>
						<line number="10" hits="1"/>
						<line number="11" hits="1"/>
						<line number="13" hits="1"/>
						<line number="15" hits="0"/>
						<line number="16" hits="0"/>
						<line number="18" hits="0" branch="true" condition-coverage="0% (0/2)" missing-branches="19,21"/>
						<line number="19" hits="0"/>
						<line number="21" hits="0"/>
						<line number="24" hits="0"/>
						<line number="40" hits="1"/>
						<line number="42" hits="1"/>
						<line number="45" hits="1" branch="true" condition-coverage="100% (2/2)"/>
						<line number="46" hits="1"/>
						<line number="47" hits="1"/>
						<line number="48" hits="1"/>
						<line number="49" hits="1"/>
						<line number="52" hits="1"/>
						<line number="58" hits="1"/>
						<line number="61" hits="1"/>
						<line number="62" hits="1"/>
						<line number="64" hits="1"/>
						<line number="66" hits="1"/>
						<line number="68" hits="0"/>
						<line number="70" hits="1"/>
						<line number="72" hits="0"/>
						<line number="74" hits="1"/>
						<line number="76" hits="0"/>
						<line number="78" hits="1"/>
						<line number="80" hits="0"/>
						<line number="82" hits="1"/>
						<line number="84" hits="0"/>
					</lines>
				</class>
				<class name="prompt_manager.py" filename="common/prompt_manager.py" complexity="0" line-rate="0.593" branch-rate="0.3929">
					<methods/>
					<lines>
						<line number="8" hits="1"/>
						<line number="9" hits="1"/>
						<line number="10" hits="1"/>
						<line number="11" hits="1"/>
						<line number="12" hits="1"/>
						<line number="14" hits="1"/>
						<line number="17" hits="1"/>
						<line number="20" hits="1"/>
						<line number="21" hits="1"/>
						<line number="23" hits="1"/>
						<line number="24" hits="1" branch="true" condition-coverage="50% (1/2)" missing-branches="28"/>
						<line number="25" hits="1"/>
						<line number="26" hits="1" branch="true" condition-coverage="50% (1/2)" missing-branches="28"/>
						<line number="27" hits="1"/>
						<line number="28" hits="1"/>
						<line number="30" hits="1"/>
						<line number="32" hits="1" branch="true" condition-coverage="50% (1/2)" missing-branches="33"/>
						<line number="33" hits="0"/>
						<line number="35" hits="1"/>
						<line number="36" hits="1"/>
						<line number="37" hits="1"/>
						<line number="40" hits="1" branch="true" condition-coverage="50% (1/2)" missing-branches="41"/>
						<line number="41" hits="0"/>
						<line number="42" hits="0"/>
						<line number="44" hits="1"/>
						<line number="46" hits="1"/>
						<line number="57" hits="1" branch="true" condition-coverage="100% (2/2)"/>
						<line number="58" hits="1"/>
						<line number="61" hits="1"/>
						<line number="63" hits="1" branch="true" condition-coverage="50% (1/2)" missing-branches="64"/>
						<line number="64" hits="0"/>
						<line number="65" hits="0"/>
						<line number="67" hits="1"/>
						<line number="68" hits="1"/>
						<line number="69" hits="1"/>
						<line number="72" hits="1"/>
						<line number="74" hits="1"/>
						<line number="75" hits="1"/>
						<line number="77" hits="0"/>
						<line number="78" hits="0"/>
						<line number="79" hits="0"/>
						<line number="80" hits="0"/>
						<line number="81" hits="0"/>
						<line number="82" hits="0"/>
						<line number="84" hits="1"/>
						<line number="96" hits="1"/>
						<line number="98" hits="1" branch="true" condition-coverage="50% (1/2)" missing-branches="99"/>
						<line number="99" hits="0"/>
						<line number="100" hits="0"/>
						<line number="102" hits="1"/>
						<line number="103" hits="1"/>
						<line number="105" hits="1" branch="true" condition-coverage="50% (1/2)" missing-branches="106"/>
						<line number="106" hits="0"/>
						<line number="108" hits="0" branch="true" condition-coverage="0% (0/2)" missing-branches="109,110"/>
						<line number="109" hits="0"/>
						<line number="110" hits="0"/>
						<line number="112" hits="1"/>
						<line number="114" hits="1"/>
						<line number="124" hits="0"/>
						<line number="125" hits="0"/>
						<line number="127" hits="1"/>
						<line number="134" hits="0" branch="true" condition-coverage="0% (0/2)" missing-branches="135,139"/>
						<line number="135" hits="0" branch="true" condition-coverage="0% (0/2)" missing-branches="exit,136"/>
						<line number="136" hits="0"/>
						<line number="137" hits="0"/>
						<line number="139" hits="0"/>
						<line number="140" hits="0"/>
						<line number="142" hits="1"/>
						<line number="149" hits="0" branch="true" condition-coverage="0% (0/2)" missing-branches="150,152"/>
						<line number="150" hits="0"/>
						<line number="152" hits="0"/>
						<line number="153" hits="0" branch="true" condition-coverage="0% (0/2)" missing-branches="154,156"/>
						<line number="154" hits="0"/>
						<line number="156" hits="0"/>
						<line number="158" hits="1"/>
						<line number="168" hits="0"/>
						<line number="169" hits="0"/>
						<line number="178" hits="1"/>
						<line number="181" hits="1"/>
						<line number="189" hits="1" branch="true" condition-coverage="100% (2/2)"/>
						<line number="190" hits="1"/>
						<line number="191" hits="1"/>
						<line number="195" hits="1"/>
						<line number="207" hits="0"/>
						<line number="210" hits="1"/>
						<line number="217" hits="0"/>
					</lines>
				</class>
				<class name="utils.py" filename="common/utils.py" complexity="0" line-rate="0.2" branch-rate="0">
					<methods/>
					<lines>
						<line number="7" hits="1"/>
						<line number="8" hits="1"/>
						<line number="9" hits="1"/>
						<line number="10" hits="1"/>
						<line number="11" hits="1"/>
						<line number="12" hits="1"/>
						<line number="13" hits="1"/>
						<line number="14" hits="1"/>
						<line number="15" hits="1"/>
						<line number="17" hits="1"/>
						<line number="19" hits="0"/>
						<line number="21" hits="1"/>
						<line number="23" hits="0"/>
						<line number="24" hits="0"/>
						<line number="25" hits="0" branch="true" condition-coverage="0% (0/2)" missing-branches="26,27"/>
						<line number="26" hits="0"/>
						<line number="27" hits="0"/>
						<line number="29" hits="1"/>
						<line number="41" hits="0"/>
						<line number="45" hits="0"/>
						<line number="46" hits="0"/>
						<line number="49" hits="0" branch="true" condition-coverage="0% (0/2)" missing-branches="50,52"/>
						<line number="50" hits="0"/>
						<line number="52" hits="0" branch="true" condition-coverage="0% (0/2)" missing-branches="54,56"/>
						<line number="54" hits="0"/>
						<line number="56" hits="0"/>
						<line number="58" hits="0"/>
						<line number="60" hits="1"/>
						<line number="62" hits="0"/>
						<line number="65" hits="1"/>
						<line number="67" hits="0"/>
						<line number="68" hits="0"/>
						<line number="69" hits="0"/>
						<line number="71" hits="1"/>
						<line number="73" hits="0"/>
						<line number="74" hits="0" branch="true" condition-coverage="0% (0/2)" missing-branches="75,77"/>
						<line number="75" hits="0"/>
						<line number="77" hits="0"/>
						<line number="78" hits="0"/>
						<line number="80" hits="0" branch="true" condition-coverage="0% (0/2)" missing-branches="81,88"/>
						<line number="81" hits="0" branch="true" condition-coverage="0% (0/2)" missing-branches="80,82"/>
						<line number="82" hits="0"/>
						<line number="83" hits="0"/>
						<line number="84" hits="0"/>
						<line number="85" hits="0"/>
						<line number="88" hits="0"/>
						<line number="90" hits="1"/>
						<line number="92" hits="0"/>
						<line number="94" hits="0" branch="true" condition-coverage="0% (0/2)" missing-branches="95,97"/>
						<line number="95" hits="0"/>
						<line number="97" hits="0"/>
						<line number="99" hits="0"/>
						<line number="100" hits="0"/>
						<line number="102" hits="0"/>
						<line number="104" hits="1"/>
						<line number="106" hits="0" branch="true" condition-coverage="0% (0/2)" missing-branches="107,109"/>
						<line number="107" hits="0"/>
						<line number="109" hits="0"/>
						<line number="110" hits="0"/>
						<line number="111" hits="0"/>
						<line number="113" hits="0" branch="true" condition-coverage="0% (0/2)" missing-branches="114,117"/>
						<line number="114" hits="0"/>
						<line number="115" hits="0"/>
						<line number="117" hits="0"/>
						<line number="119" hits="1"/>
						<line number="121" hits="0"/>
						<line number="122" hits="0"/>
						<line number="123" hits="0"/>
						<line number="124" hits="0"/>
						<line number="125" hits="0"/>
						<line number="127" hits="0"/>
						<line number="128" hits="0"/>
						<line number="129" hits="0"/>
						<line number="139" hits="0"/>
						<line number="140" hits="0"/>
						<line number="142" hits="1"/>
						<line number="144" hits="0" branch="true" condition-coverage="0% (0/2)" missing-branches="145,148"/>
						<line number="145" hits="0"/>
						<line number="148" hits="0"/>
						<line number="149" hits="0"/>
						<line number="150" hits="0"/>
						<line number="151" hits="0"/>
						<line number="155" hits="0"/>
						<line number="157" hits="1"/>
						<line number="159" hits="0"/>
						<line number="160" hits="0" branch="true" condition-coverage="0% (0/2)" missing-branches="161,163"/>
						<line number="161" hits="0" branch="true" condition-coverage="0% (0/2)" missing-branches="160,162"/>
						<line number="162" hits="0"/>
						<line number="163" hits="0"/>
						<line number="165" hits="1"/>
						<line number="167" hits="0" branch="true" condition-coverage="0% (0/2)" missing-branches="168,169"/>
						<line number="168" hits="0"/>
						<line number="169" hits="0" branch="true" condition-coverage="0% (0/2)" missing-branches="170,171"/>
						<line number="170" hits="0"/>
						<line number="171" hits="0" branch="true" condition-coverage="0% (0/2)" missing-branches="172,174"/>
						<line number="172" hits="0"/>
						<line number="174" hits="0"/>
						<line number="176" hits="1"/>
						<line number="178" hits="0"/>
						<line number="180" hits="0"/>
						<line number="181" hits="0"/>
						<line number="182" hits="0"/>
						<line number="185" hits="0" branch="true" condition-coverage="0% (0/2)" missing-branches="186,193"/>
						<line number="186" hits="0"/>
						<line number="187" hits="0"/>
						<line number="188" hits="0"/>
						<line number="189" hits="0"/>
						<line number="190" hits="0"/>
						<line number="191" hits="0"/>
[...]
						<line number="711" hits="0"/>
						<line number="714" hits="0" branch="true" condition-coverage="0% (0/2)" missing-branches="715,723"/>
						<line number="715" hits="0" branch="true" condition-coverage="0% (0/2)" missing-branches="714,716"/>
						<line number="716" hits="0"/>
						<line number="717" hits="0" branch="true" condition-coverage="0% (0/2)" missing-branches="718,720"/>
						<line number="718" hits="0" branch="true" condition-coverage="0% (0/2)" missing-branches="717,719"/>
						<line number="719" hits="0"/>
						<line number="720" hits="0" branch="true" condition-coverage="0% (0/2)" missing-branches="715,721"/>
						<line number="721" hits="0"/>
						<line number="723" hits="0"/>
						<line number="725" hits="0" branch="true" condition-coverage="0% (0/2)" missing-branches="726,729"/>
						<line number="726" hits="0"/>
						<line number="727" hits="0"/>
						<line number="729" hits="0"/>
						<line number="731" hits="0"/>
						<line number="732" hits="0"/>
						<line number="733" hits="0"/>
						<line number="734" hits="0"/>
						<line number="735" hits="0"/>
						<line number="736" hits="0"/>
						<line number="739" hits="0" branch="true" condition-coverage="0% (0/2)" missing-branches="740,744"/>
						<line number="740" hits="0"/>
						<line number="741" hits="0"/>
						<line number="742" hits="0"/>
						<line number="743" hits="0"/>
						<line number="744" hits="0"/>
						<line number="745" hits="0"/>
						<line number="746" hits="0"/>
						<line number="747" hits="0"/>
						<line number="748" hits="0"/>
						<line number="750" hits="1"/>
						<line number="752" hits="0"/>
						<line number="753" hits="0"/>
						<line number="755" hits="0"/>
						<line number="758" hits="0" branch="true" condition-coverage="0% (0/2)" missing-branches="760,776"/>
						<line number="760" hits="0"/>
						<line number="761" hits="0"/>
						<line number="762" hits="0"/>
						<line number="763" hits="0"/>
						<line number="764" hits="0"/>
						<line number="765" hits="0"/>
						<line number="766" hits="0"/>
						<line number="768" hits="0" branch="true" condition-coverage="0% (0/2)" missing-branches="769,770"/>
						<line number="769" hits="0"/>
						<line number="770" hits="0" branch="true" condition-coverage="0% (0/2)" missing-branches="771,772"/>
						<line number="771" hits="0"/>
						<line number="772" hits="0" branch="true" condition-coverage="0% (0/2)" missing-branches="773,776"/>
						<line number="773" hits="0"/>
						<line number="776" hits="0"/>
						<line number="777" hits="0"/>
						<line number="778" hits="0"/>
						<line number="780" hits="0" branch="true" condition-coverage="0% (0/2)" missing-branches="781,783"/>
						<line number="781" hits="0"/>
						<line number="783" hits="0"/>
						<line number="784" hits="0"/>
						<line number="785" hits="0"/>
						<line number="786" hits="0"/>
						<line number="788" hits="1"/>
						<line number="790" hits="0"/>
						<line number="791" hits="0"/>
						<line number="794" hits="0"/>
						<line number="795" hits="0"/>
						<line number="797" hits="0"/>
						<line number="800" hits="0"/>
						<line number="803" hits="0" branch="true" condition-coverage="0% (0/2)" missing-branches="804,807"/>
						<line number="804" hits="0"/>
						<line number="805" hits="0"/>
						<line number="807" hits="0"/>
						<line number="809" hits="0"/>
						<line number="810" hits="0"/>
						<line number="811" hits="0"/>
						<line number="812" hits="0"/>
						<line number="813" hits="0"/>
						<line number="815" hits="1"/>
						<line number="817" hits="0"/>
						<line number="819" hits="0"/>
						<line number="820" hits="0"/>
						<line number="821" hits="0"/>
						<line number="824" hits="0" branch="true" condition-coverage="0% (0/2)" missing-branches="825,843"/>
						<line number="825" hits="0"/>
						<line number="827" hits="0"/>
						<line number="828" hits="0"/>
						<line number="829" hits="0"/>
						<line number="830" hits="0"/>
						<line number="832" hits="0"/>
						<line number="833" hits="0"/>
						<line number="834" hits="0"/>
						<line number="835" hits="0"/>
						<line number="836" hits="0"/>
						<line number="838" hits="0"/>
						<line number="839" hits="0"/>
						<line number="840" hits="0"/>
						<line number="843" hits="0"/>
						<line number="844" hits="0"/>
						<line number="846" hits="0"/>
						<line number="847" hits="0"/>
						<line number="849" hits="0" branch="true" condition-coverage="0% (0/2)" missing-branches="850,853"/>
						<line number="850" hits="0" branch="true" condition-coverage="0% (0/2)" missing-branches="849,851"/>
						<line number="851" hits="0"/>
						<line number="853" hits="0"/>
						<line number="855" hits="0"/>
						<line number="856" hits="0"/>
						<line number="857" hits="0"/>
						<line number="858" hits="0" branch="true" condition-coverage="0% (0/2)" missing-branches="859,861"/>
						<line number="859" hits="0"/>
						<line number="861" hits="0"/>
						<line number="864" hits="0"/>
						<line number="865" hits="0"/>
						<line number="866" hits="0" branch="true" condition-coverage="0% (0/2)" missing-branches="867,870"/>
						<line number="867" hits="0"/>
						<line number="870" hits="0" branch="true" condition-coverage="0% (0/2)" missing-branches="871,876"/>
						<line number="871" hits="0" branch="true" condition-coverage="0% (0/2)" missing-branches="870,872"/>
						<line number="872" hits="0" branch="true" condition-coverage="0% (0/2)" missing-branches="873,874"/>
						<line number="873" hits="0"/>
						<line number="874" hits="0"/>
						<line number="876" hits="0" branch="true" condition-coverage="0% (0/2)" missing-branches="877,879"/>
						<line number="877" hits="0"/>
						<line number="879" hits="0"/>
						<line number="882" hits="0" branch="true" condition-coverage="0% (0/2)" missing-branches="883,889"/>
						<line number="883" hits="0"/>
						<line number="884" hits="0"/>
						<line number="885" hits="0"/>
						<line number="886" hits="0"/>
						<line number="887" hits="0"/>
						<line number="889" hits="0"/>
						<line number="891" hits="0"/>
						<line number="892" hits="0"/>
						<line number="893" hits="0"/>
						<line number="895" hits="0" branch="true" condition-coverage="0% (0/2)" missing-branches="896,902"/>
						<line number="896" hits="0"/>
						<line number="897" hits="0"/>
						<line number="898" hits="0"/>
						<line number="899" hits="0"/>
						<line number="900" hits="0"/>
						<line number="902" hits="0"/>
						<line number="903" hits="0"/>
						<line number="905" hits="0" branch="true" condition-coverage="0% (0/2)" missing-branches="906,912"/>
						<line number="906" hits="0"/>
						<line number="907" hits="0"/>
						<line number="908" hits="0"/>
						<line number="909" hits="0"/>
						<line number="910" hits="0"/>
						<line number="912" hits="0"/>
						<line number="913" hits="0" branch="true" condition-coverage="0% (0/2)" missing-branches="914,915"/>
						<line number="914" hits="0"/>
						<line number="915" hits="0" branch="true" condition-coverage="0% (0/2)" missing-branches="916,918"/>
						<line number="916" hits="0"/>
						<line number="918" hits="0"/>
						<line number="920" hits="1"/>
						<line number="922" hits="0"/>
						<line number="923" hits="0"/>
						<line number="925" hits="0"/>
						<line number="927" hits="0" branch="true" condition-coverage="0% (0/2)" missing-branches="929,963"/>
						<line number="929" hits="0"/>
						<line number="930" hits="0"/>
						<line number="931" hits="0"/>
						<line number="932" hits="0"/>
						<line number="933" hits="0"/>
						<line number="936" hits="0"/>
						<line number="937" hits="0"/>
						<line number="938" hits="0"/>
						<line number="939" hits="0"/>
						<line number="940" hits="0"/>
						<line number="943" hits="0"/>
						<line number="944" hits="0"/>
						<line number="945" hits="0"/>
						<line number="946" hits="0"/>
						<line number="947" hits="0"/>
						<line number="948" hits="0"/>
						<line number="951" hits="0"/>
						<line number="953" hits="0" branch="true" condition-coverage="0% (0/2)" missing-branches="954,955"/>
						<line number="954" hits="0"/>
						<line number="955" hits="0" branch="true" condition-coverage="0% (0/2)" missing-branches="956,958"/>
						<line number="956" hits="0"/>
						<line number="958" hits="0"/>
						<line number="960" hits="0"/>
						<line number="963" hits="0"/>
						<line number="964" hits="0"/>
						<line number="965" hits="0"/>
						<line number="966" hits="0"/>
						<line number="967" hits="0"/>
						<line number="968" hits="0" branch="true" condition-coverage="0% (0/2)" missing-branches="969,979"/>
						<line number="969" hits="0"/>
						<line number="970" hits="0" branch="true" condition-coverage="0% (0/2)" missing-branches="971,972"/>
						<line number="971" hits="0"/>
						<line number="972" hits="0"/>
						<line number="973" hits="0"/>
						<line number="974" hits="0"/>
						<line number="975" hits="0"/>
						<line number="976" hits="0"/>
						<line number="979" hits="0"/>
						<line number="980" hits="0"/>
						<line number="981" hits="0"/>
						<line number="982" hits="0" branch="true" condition-coverage="0% (0/2)" missing-branches="983,993"/>
						<line number="983" hits="0"/>
						<line number="984" hits="0" branch="true" condition-coverage="0% (0/2)" missing-branches="985,986"/>
						<line number="985" hits="0"/>
						<line number="986" hits="0"/>
						<line number="987" hits="0"/>
						<line number="988" hits="0"/>
						<line number="989" hits="0"/>
						<line number="990" hits="0"/>
						<line number="993" hits="0"/>
						<line number="994" hits="0"/>
						<line number="995" hits="0"/>
						<line number="997" hits="0"/>
						<line number="999" hits="0"/>
						<line number="1000" hits="0"/>
						<line number="1001" hits="0"/>
						<line number="1004" hits="0"/>
						<line number="1005" hits="0" branch="true" condition-coverage="0% (0/2)" missing-branches="1006,1009"/>
						<line number="1006" hits="0" branch="true" condition-coverage="0% (0/2)" missing-branches="1005,1007"/>
						<line number="1007" hits="0"/>
						<line number="1009" hits="0"/>
						<line number="1010" hits="0" branch="true" condition-coverage="0% (0/2)" missing-branches="1011,1022"/>
						<line number="1011" hits="0"/>
						<line number="1012" hits="0" branch="true" condition-coverage="0% (0/2)" missing-branches="1013,1014"/>
						<line number="1013" hits="0"/>
						<line number="1014" hits="0"/>
						<line number="1015" hits="0"/>
						<line number="1016" hits="0"/>
						<line number="1018" hits="0"/>
						<line number="1019" hits="0"/>
						<line number="1022" hits="0"/>
						<line number="1024" hits="0"/>
						<line number="1026" hits="0" branch="true" condition-coverage="0% (0/2)" missing-branches="1027,1031"/>
						<line number="1027" hits="0"/>
						<line number="1028" hits="0"/>
						<line number="1029" hits="0"/>
						<line number="1030" hits="0"/>
						<line number="1031" hits="0"/>
						<line number="1032" hits="0"/>
						<line number="1034" hits="0" branch="true" condition-coverage="0% (0/2)" missing-branches="1035,1039"/>
						<line number="1035" hits="0"/>
						<line number="1036" hits="0"/>
						<line number="1037" hits="0"/>
						<line number="1038" hits="0"/>
						<line number="1039" hits="0"/>
						<line number="1041" hits="1"/>
						<line number="1043" hits="1"/>
						<line number="1044" hits="1"/>
						<line number="1045" hits="1"/>
						<line number="1047" hits="1" branch="true" condition-coverage="50% (1/2)" missing-branches="1048"/>
						<line number="1048" hits="0"/>
						<line number="1050" hits="1"/>
						<line number="1051" hits="1"/>
						<line number="1053" hits="0"/>
						<line number="1055" hits="0"/>
						<line number="1056" hits="0"/>
						<line number="1057" hits="0"/>
						<line number="1058" hits="0"/>
						<line number="1059" hits="0"/>
						<line number="1060" hits="0"/>
						<line number="1061" hits="0"/>
						<line number="1062" hits="0"/>
						<line number="1063" hits="0"/>
						<line number="1065" hits="1"/>
						<line number="1067" hits="1"/>
						<line number="1068" hits="1"/>
						<line number="1071" hits="1"/>
						<line number="1080" hits="1"/>
						<line number="1083" hits="1"/>
						<line number="1084" hits="1" branch="true" condition-coverage="50% (1/2)" missing-branches="1087"/>
						<line number="1085" hits="1"/>
						<line number="1087" hits="0"/>
						<line number="1089" hits="0"/>
						<line number="1090" hits="0"/>
						<line number="1091" hits="0"/>
						<line number="1093" hits="1"/>
						<line number="1095" hits="1"/>
						<line number="1097" hits="1"/>
						<line number="1099" hits="0"/>
						<line number="1100" hits="0"/>
						<line number="1101" hits="0"/>
						<line number="1103" hits="1"/>
						<line number="1125" hits="1"/>
						<line number="1126" hits="1"/>
						<line number="1129" hits="1"/>
						<line number="1130" hits="1"/>
						<line number="1133" hits="1"/>
						<line number="1232" hits="1"/>
						<line number="1234" hits="1" branch="true" condition-coverage="100% (2/2)"/>
						<line number="1235" hits="1"/>
						<line number="1243" hits="1" branch="true" condition-coverage="100% (2/2)"/>
						<line number="1244" hits="1" branch="true" condition-coverage="100% (2/2)"/>
						<line number="1245" hits="1"/>
						<line number="1246" hits="1"/>
						<line number="1249" hits="1"/>
						<line number="1256" hits="1"/>
						<line number="1258" hits="1"/>
						<line number="1261" hits="1"/>
						<line number="1262" hits="1"/>
						<line number="1264" hits="1"/>
						<line number="1266" hits="0"/>
						<line number="1267" hits="0"/>
						<line number="1269" hits="0"/>
						<line number="1282" hits="1"/>
						<line number="1284" hits="1"/>
						<line number="1285" hits="1"/>
						<line number="1288" hits="1"/>
						<line number="1297" hits="1"/>
						<line number="1299" hits="1"/>
						<line number="1300" hits="1" branch="true" condition-coverage="50% (1/2)" missing-branches="1303"/>
						<line number="1301" hits="1"/>
						<line number="1303" hits="0"/>
						<line number="1305" hits="0"/>
						<line number="1306" hits="0"/>
						<line number="1307" hits="0"/>
						<line number="1309" hits="1"/>
						<line number="1311" hits="1"/>
						<line number="1312" hits="1"/>
						<line number="1315" hits="1"/>
						<line number="1316" hits="1" branch="true" condition-coverage="50% (1/2)" missing-branches="1320"/>
						<line number="1317" hits="1"/>
						<line number="1320" hits="1" branch="true" condition-coverage="50% (1/2)" missing-branches="1322"/>
						<line number="1321" hits="1"/>
						<line number="1322" hits="1" branch="true" condition-coverage="50% (1/2)" missing-branches="1324"/>
						<line number="1323" hits="1"/>
						<line number="1324" hits="1" branch="true" condition-coverage="50% (1/2)" missing-branches="1326"/>
						<line number="1325" hits="1"/>
						<line number="1326" hits="1" branch="true" condition-coverage="50% (1/2)" missing-branches="1333"/>
						<line number="1328" hits="1"/>
						<line number="1329" hits="1"/>
						<line number="1330" hits="1"/>
						<line number="1333" hits="1"/>
						<line number="1336" hits="1"/>
						<line number="1337" hits="1"/>
						<line number="1338" hits="1"/>
						<line number="1341" hits="1"/>
						<line number="1350" hits="1"/>
						<line number="1353" hits="1"/>
						<line number="1356" hits="1"/>
						<line number="1358" hits="1"/>
						<line number="1359" hits="1"/>
						<line number="1361" hits="0"/>
						<line number="1362" hits="0"/>
						<line number="1363" hits="0"/>
						<line number="1365" hits="1"/>
						<line number="1367" hits="1"/>
						<line number="1369" hits="1"/>
						<line number="1370" hits="1"/>
						<line number="1372" hits="1" branch="true" condition-coverage="50% (1/2)" missing-branches="1388"/>
						<line number="1373" hits="1"/>
						<line number="1378" hits="1"/>
						<line number="1379" hits="1"/>
						<line number="1380" hits="1"/>
						<line number="1382" hits="1" branch="true" condition-coverage="50% (1/2)" missing-branches="1383"/>
						<line number="1383" hits="0"/>
						<line number="1384" hits="0"/>
						<line number="1385" hits="0"/>
						<line number="1388" hits="1"/>
						<line number="1389" hits="1"/>
						<line number="1390" hits="1"/>
						<line number="1391" hits="1"/>
						<line number="1392" hits="1"/>
						<line number="1394" hits="1"/>
						<line number="1396" hits="1"/>
						<line number="1405" hits="1"/>
						<line number="1425" hits="1"/>
						<line number="1426" hits="1"/>
						<line number="1429" hits="1"/>
						<line number="1432" hits="1"/>
						<line number="1434" hits="1"/>
						<line number="1435" hits="1"/>
						<line number="1437" hits="1"/>
						<line number="1439" hits="0"/>
						<line number="1440" hits="0"/>
						<line number="1441" hits="0"/>
						<line number="1443" hits="1"/>
						<line number="1446" hits="1"/>
						<line number="1447" hits="1" branch="true" condition-coverage="100% (2/2)"/>
						<line number="1448" hits="1" branch="true" condition-coverage="50% (1/2)" missing-branches="1449"/>
						<line number="1449" hits="0"/>
						<line number="1450" hits="0"/>
						<line number="1453" hits="1" branch="true" condition-coverage="50% (1/2)" missing-branches="1454"/>
						<line number="1454" hits="0"/>
						<line number="1455" hits="0"/>
						<line number="1457" hits="0"/>
						<line number="1458" hits="0"/>
						<line number="1461" hits="0" branch="true" condition-coverage="0% (0/2)" missing-branches="1453,1462"/>
						<line number="1462" hits="0"/>
						<line number="1467" hits="0"/>
						<line number="1468" hits="0"/>
						<line number="1470" hits="1"/>
						<line number="1472" hits="1"/>
						<line number="1473" hits="1" branch="true" condition-coverage="50% (1/2)" missing-branches="1476"/>
						<line number="1474" hits="1"/>
						<line number="1476" hits="0"/>
						<line number="1477" hits="0"/>
						<line number="1478" hits="0"/>
						<line number="1479" hits="0"/>
						<line number="1482" hits="0" branch="true" condition-coverage="0% (0/2)" missing-branches="exit,1483"/>
						<line number="1483" hits="0"/>
						<line number="1484" hits="0"/>
						<line number="1485" hits="0"/>
						<line number="1486" hits="0"/>
						<line number="1489" hits="0" branch="true" condition-coverage="0% (0/2)" missing-branches="1482,1490"/>
						<line number="1490" hits="0"/>
						<line number="1496" hits="0"/>
						<line number="1497" hits="0"/>
						<line number="1499" hits="1"/>
						<line number="1501" hits="0"/>
						<line number="1502" hits="0"/>
						<line number="1504" hits="0"/>
						<line number="1507" hits="0"/>
						<line number="1508" hits="0" branch="true" condition-coverage="0% (0/2)" missing-branches="1511,1515"/>
						<line number="1511" hits="0" branch="true" condition-coverage="0% (0/2)" missing-branches="1508,1512"/>
						<line number="1512" hits="0"/>
						<line number="1515" hits="0"/>
						<line number="1516" hits="0"/>
						<line number="1517" hits="0" branch="true" condition-coverage="0% (0/2)" missing-branches="1518,1521"/>
						<line number="1518" hits="0"/>
						<line number="1521" hits="0"/>
						<line number="1522" hits="0"/>
						<line number="1525" hits="0" branch="true" condition-coverage="0% (0/2)" missing-branches="1526,1529"/>
						<line number="1526" hits="0"/>
						<line number="1529" hits="0"/>
						<line number="1530" hits="0"/>
						<line number="1532" hits="0"/>
						<line number="1534" hits="0"/>
						<line number="1535" hits="0"/>
					</lines>
				</class>
			</classes>
		</package>
	</packages>
</coverage>
